{"C:\\Users\\273803\\Desktop\\Digital Banking Platform\\digital-app\\src\\api\\auth.api.ts": {"path":"C:\\Users\\273803\\Desktop\\Digital Banking Platform\\digital-app\\src\\api\\auth.api.ts","statementMap":{"0":{"start":{"line":6,"column":24},"end":{"line":8,"column":1}},"1":{"start":{"line":7,"column":2},"end":{"line":7,"column":52}},"2":{"start":{"line":10,"column":27},"end":{"line":12,"column":1}},"3":{"start":{"line":11,"column":2},"end":{"line":11,"column":55}},"4":{"start":{"line":14,"column":29},"end":{"line":16,"column":1}},"5":{"start":{"line":15,"column":2},"end":{"line":15,"column":44}},"6":{"start":{"line":18,"column":32},"end":{"line":20,"column":1}},"7":{"start":{"line":19,"column":2},"end":{"line":19,"column":53}}},"fnMap":{"0":{"name":"(anonymous_0)","decl":{"start":{"line":6,"column":24},"end":{"line":6,"column":25}},"loc":{"start":{"line":6,"column":89},"end":{"line":8,"column":1}}},"1":{"name":"(anonymous_1)","decl":{"start":{"line":10,"column":27},"end":{"line":10,"column":28}},"loc":{"start":{"line":10,"column":101},"end":{"line":12,"column":1}}},"2":{"name":"(anonymous_2)","decl":{"start":{"line":14,"column":29},"end":{"line":14,"column":73}},"loc":{"start":{"line":14,"column":75},"end":{"line":16,"column":1}}},"3":{"name":"(anonymous_3)","decl":{"start":{"line":18,"column":32},"end":{"line":18,"column":33}},"loc":{"start":{"line":18,"column":107},"end":{"line":20,"column":1}}}},"branchMap":{},"s":{"0":7,"1":1,"2":7,"3":0,"4":7,"5":0,"6":7,"7":0},"f":{"0":1,"1":0,"2":0,"3":0},"b":{}}
,"C:\\Users\\273803\\Desktop\\Digital Banking Platform\\digital-app\\src\\api\\axios.ts": {"path":"C:\\Users\\273803\\Desktop\\Digital Banking Platform\\digital-app\\src\\api\\axios.ts","statementMap":{"0":{"start":{"line":6,"column":22},"end":{"line":12,"column":2}},"1":{"start":{"line":15,"column":0},"end":{"line":24,"column":2}},"2":{"start":{"line":17,"column":18},"end":{"line":17,"column":28}},"3":{"start":{"line":18,"column":4},"end":{"line":20,"column":5}},"4":{"start":{"line":19,"column":6},"end":{"line":19,"column":55}},"5":{"start":{"line":21,"column":4},"end":{"line":21,"column":18}},"6":{"start":{"line":23,"column":13},"end":{"line":23,"column":34}},"7":{"start":{"line":27,"column":0},"end":{"line":62,"column":2}},"8":{"start":{"line":28,"column":16},"end":{"line":28,"column":24}},"9":{"start":{"line":30,"column":19},"end":{"line":30,"column":41}},"10":{"start":{"line":31,"column":22},"end":{"line":31,"column":83}},"11":{"start":{"line":33,"column":4},"end":{"line":58,"column":5}},"12":{"start":{"line":34,"column":6},"end":{"line":34,"column":20}},"13":{"start":{"line":35,"column":6},"end":{"line":35,"column":42}},"14":{"start":{"line":36,"column":6},"end":{"line":36,"column":38}},"15":{"start":{"line":38,"column":33},"end":{"line":38,"column":74}},"16":{"start":{"line":39,"column":6},"end":{"line":47,"column":7}},"17":{"start":{"line":40,"column":8},"end":{"line":40,"column":58}},"18":{"start":{"line":42,"column":26},"end":{"line":42,"column":56}},"19":{"start":{"line":43,"column":38},"end":{"line":43,"column":79}},"20":{"start":{"line":44,"column":39},"end":{"line":44,"column":79}},"21":{"start":{"line":45,"column":8},"end":{"line":45,"column":44}},"22":{"start":{"line":46,"column":8},"end":{"line":46,"column":45}},"23":{"start":{"line":48,"column":11},"end":{"line":58,"column":5}},"24":{"start":{"line":49,"column":6},"end":{"line":49,"column":73}},"25":{"start":{"line":50,"column":11},"end":{"line":58,"column":5}},"26":{"start":{"line":51,"column":6},"end":{"line":51,"column":36}},"27":{"start":{"line":52,"column":11},"end":{"line":58,"column":5}},"28":{"start":{"line":53,"column":6},"end":{"line":53,"column":61}},"29":{"start":{"line":54,"column":11},"end":{"line":58,"column":5}},"30":{"start":{"line":55,"column":6},"end":{"line":55,"column":59}},"31":{"start":{"line":56,"column":11},"end":{"line":58,"column":5}},"32":{"start":{"line":57,"column":6},"end":{"line":57,"column":59}},"33":{"start":{"line":60,"column":4},"end":{"line":60,"column":33}},"34":{"start":{"line":67,"column":54},"end":{"line":75,"column":2}},"35":{"start":{"line":77,"column":35},"end":{"line":84,"column":1}},"36":{"start":{"line":78,"column":2},"end":{"line":78,"column":83}},"37":{"start":{"line":78,"column":34},"end":{"line":78,"column":83}},"38":{"start":{"line":79,"column":15},"end":{"line":79,"column":76}},"39":{"start":{"line":80,"column":14},"end":{"line":80,"column":43}},"40":{"start":{"line":81,"column":2},"end":{"line":81,"column":64}},"41":{"start":{"line":81,"column":36},"end":{"line":81,"column":64}},"42":{"start":{"line":82,"column":2},"end":{"line":82,"column":22}},"43":{"start":{"line":82,"column":11},"end":{"line":82,"column":22}},"44":{"start":{"line":83,"column":2},"end":{"line":83,"column":51}}},"fnMap":{"0":{"name":"(anonymous_0)","decl":{"start":{"line":16,"column":2},"end":{"line":16,"column":3}},"loc":{"start":{"line":16,"column":13},"end":{"line":22,"column":3}}},"1":{"name":"(anonymous_1)","decl":{"start":{"line":23,"column":2},"end":{"line":23,"column":3}},"loc":{"start":{"line":23,"column":13},"end":{"line":23,"column":34}}},"2":{"name":"(anonymous_2)","decl":{"start":{"line":28,"column":2},"end":{"line":28,"column":3}},"loc":{"start":{"line":28,"column":16},"end":{"line":28,"column":24}}},"3":{"name":"(anonymous_3)","decl":{"start":{"line":29,"column":2},"end":{"line":29,"column":7}},"loc":{"start":{"line":29,"column":18},"end":{"line":61,"column":3}}},"4":{"name":"(anonymous_4)","decl":{"start":{"line":77,"column":35},"end":{"line":77,"column":36}},"loc":{"start":{"line":77,"column":62},"end":{"line":84,"column":1}}}},"branchMap":{"0":{"loc":{"start":{"line":18,"column":4},"end":{"line":20,"column":5}},"type":"if","locations":[{"start":{"line":18,"column":4},"end":{"line":20,"column":5}},{"start":{},"end":{}}]},"1":{"loc":{"start":{"line":31,"column":22},"end":{"line":31,"column":83}},"type":"binary-expr","locations":[{"start":{"line":31,"column":22},"end":{"line":31,"column":53}},{"start":{"line":31,"column":57},"end":{"line":31,"column":83}}]},"2":{"loc":{"start":{"line":33,"column":4},"end":{"line":58,"column":5}},"type":"if","locations":[{"start":{"line":33,"column":4},"end":{"line":58,"column":5}},{"start":{"line":48,"column":11},"end":{"line":58,"column":5}}]},"3":{"loc":{"start":{"line":39,"column":6},"end":{"line":47,"column":7}},"type":"if","locations":[{"start":{"line":39,"column":6},"end":{"line":47,"column":7}},{"start":{},"end":{}}]},"4":{"loc":{"start":{"line":48,"column":11},"end":{"line":58,"column":5}},"type":"if","locations":[{"start":{"line":48,"column":11},"end":{"line":58,"column":5}},{"start":{"line":50,"column":11},"end":{"line":58,"column":5}}]},"5":{"loc":{"start":{"line":50,"column":11},"end":{"line":58,"column":5}},"type":"if","locations":[{"start":{"line":50,"column":11},"end":{"line":58,"column":5}},{"start":{"line":52,"column":11},"end":{"line":58,"column":5}}]},"6":{"loc":{"start":{"line":52,"column":11},"end":{"line":58,"column":5}},"type":"if","locations":[{"start":{"line":52,"column":11},"end":{"line":58,"column":5}},{"start":{"line":54,"column":11},"end":{"line":58,"column":5}}]},"7":{"loc":{"start":{"line":52,"column":15},"end":{"line":52,"column":66}},"type":"binary-expr","locations":[{"start":{"line":52,"column":15},"end":{"line":52,"column":29}},{"start":{"line":52,"column":33},"end":{"line":52,"column":66}}]},"8":{"loc":{"start":{"line":54,"column":11},"end":{"line":58,"column":5}},"type":"if","locations":[{"start":{"line":54,"column":11},"end":{"line":58,"column":5}},{"start":{"line":56,"column":11},"end":{"line":58,"column":5}}]},"9":{"loc":{"start":{"line":56,"column":11},"end":{"line":58,"column":5}},"type":"if","locations":[{"start":{"line":56,"column":11},"end":{"line":58,"column":5}},{"start":{},"end":{}}]},"10":{"loc":{"start":{"line":78,"column":2},"end":{"line":78,"column":83}},"type":"if","locations":[{"start":{"line":78,"column":2},"end":{"line":78,"column":83}},{"start":{},"end":{}}]},"11":{"loc":{"start":{"line":79,"column":15},"end":{"line":79,"column":76}},"type":"binary-expr","locations":[{"start":{"line":79,"column":15},"end":{"line":79,"column":46}},{"start":{"line":79,"column":50},"end":{"line":79,"column":76}}]},"12":{"loc":{"start":{"line":81,"column":2},"end":{"line":81,"column":64}},"type":"if","locations":[{"start":{"line":81,"column":2},"end":{"line":81,"column":64}},{"start":{},"end":{}}]},"13":{"loc":{"start":{"line":81,"column":6},"end":{"line":81,"column":34}},"type":"binary-expr","locations":[{"start":{"line":81,"column":6},"end":{"line":81,"column":10}},{"start":{"line":81,"column":14},"end":{"line":81,"column":34}}]},"14":{"loc":{"start":{"line":82,"column":2},"end":{"line":82,"column":22}},"type":"if","locations":[{"start":{"line":82,"column":2},"end":{"line":82,"column":22}},{"start":{},"end":{}}]}},"s":{"0":9,"1":9,"2":6,"3":6,"4":0,"5":6,"6":0,"7":9,"8":0,"9":6,"10":6,"11":6,"12":0,"13":0,"14":0,"15":0,"16":0,"17":0,"18":0,"19":0,"20":0,"21":0,"22":0,"23":6,"24":0,"25":6,"26":0,"27":6,"28":0,"29":6,"30":0,"31":6,"32":6,"33":6,"34":9,"35":9,"36":0,"37":0,"38":0,"39":0,"40":0,"41":0,"42":0,"43":0,"44":0},"f":{"0":6,"1":0,"2":0,"3":6,"4":0},"b":{"0":[0,6],"1":[6,6],"2":[0,6],"3":[0,0],"4":[0,6],"5":[0,6],"6":[0,6],"7":[6,0],"8":[0,6],"9":[6,0],"10":[0,0],"11":[0,0],"12":[0,0],"13":[0,0],"14":[0,0]}}
,"C:\\Users\\273803\\Desktop\\Digital Banking Platform\\digital-app\\src\\api\\beneficiary.api.ts": {"path":"C:\\Users\\273803\\Desktop\\Digital Banking Platform\\digital-app\\src\\api\\beneficiary.api.ts","statementMap":{"0":{"start":{"line":5,"column":35},"end":{"line":7,"column":1}},"1":{"start":{"line":6,"column":2},"end":{"line":6,"column":45}},"2":{"start":{"line":9,"column":33},"end":{"line":11,"column":1}},"3":{"start":{"line":10,"column":2},"end":{"line":10,"column":55}}},"fnMap":{"0":{"name":"(anonymous_0)","decl":{"start":{"line":5,"column":35},"end":{"line":5,"column":83}},"loc":{"start":{"line":5,"column":85},"end":{"line":7,"column":1}}},"1":{"name":"(anonymous_1)","decl":{"start":{"line":9,"column":33},"end":{"line":9,"column":34}},"loc":{"start":{"line":9,"column":92},"end":{"line":11,"column":1}}}},"branchMap":{},"s":{"0":7,"1":3,"2":7,"3":1},"f":{"0":3,"1":1},"b":{}}
,"C:\\Users\\273803\\Desktop\\Digital Banking Platform\\digital-app\\src\\api\\dashboard.api.ts": {"path":"C:\\Users\\273803\\Desktop\\Digital Banking Platform\\digital-app\\src\\api\\dashboard.api.ts","statementMap":{"0":{"start":{"line":5,"column":31},"end":{"line":7,"column":1}},"1":{"start":{"line":6,"column":2},"end":{"line":6,"column":41}}},"fnMap":{"0":{"name":"(anonymous_0)","decl":{"start":{"line":5,"column":31},"end":{"line":5,"column":77}},"loc":{"start":{"line":5,"column":79},"end":{"line":7,"column":1}}}},"branchMap":{},"s":{"0":7,"1":1},"f":{"0":1},"b":{}}
,"C:\\Users\\273803\\Desktop\\Digital Banking Platform\\digital-app\\src\\features\\auth\\Login.tsx": {"path":"C:\\Users\\273803\\Desktop\\Digital Banking Platform\\digital-app\\src\\features\\auth\\Login.tsx","statementMap":{"0":{"start":{"line":8,"column":14},"end":{"line":110,"column":1}},"1":{"start":{"line":9,"column":19},"end":{"line":9,"column":32}},"2":{"start":{"line":10,"column":19},"end":{"line":10,"column":35}},"3":{"start":{"line":11,"column":36},"end":{"line":11,"column":73}},"4":{"start":{"line":11,"column":62},"end":{"line":11,"column":72}},"5":{"start":{"line":14,"column":19},"end":{"line":14,"column":27}},"6":{"start":{"line":16,"column":26},"end":{"line":16,"column":75}},"7":{"start":{"line":17,"column":28},"end":{"line":17,"column":77}},"8":{"start":{"line":19,"column":23},"end":{"line":31,"column":3}},"9":{"start":{"line":20,"column":4},"end":{"line":20,"column":23}},"10":{"start":{"line":21,"column":4},"end":{"line":21,"column":30}},"11":{"start":{"line":21,"column":23},"end":{"line":21,"column":30}},"12":{"start":{"line":23,"column":4},"end":{"line":23,"column":31}},"13":{"start":{"line":24,"column":19},"end":{"line":24,"column":92}},"14":{"start":{"line":25,"column":4},"end":{"line":30,"column":5}},"15":{"start":{"line":26,"column":6},"end":{"line":26,"column":40}},"16":{"start":{"line":27,"column":6},"end":{"line":27,"column":52}},"17":{"start":{"line":27,"column":23},"end":{"line":27,"column":45}},"18":{"start":{"line":29,"column":6},"end":{"line":29,"column":69}},"19":{"start":{"line":33,"column":23},"end":{"line":36,"column":3}},"20":{"start":{"line":34,"column":28},"end":{"line":34,"column":36}},"21":{"start":{"line":35,"column":4},"end":{"line":35,"column":52}},"22":{"start":{"line":35,"column":23},"end":{"line":35,"column":49}},"23":{"start":{"line":38,"column":21},"end":{"line":44,"column":3}},"24":{"start":{"line":39,"column":23},"end":{"line":39,"column":50}},"25":{"start":{"line":40,"column":4},"end":{"line":40,"column":70}},"26":{"start":{"line":40,"column":35},"end":{"line":40,"column":70}},"27":{"start":{"line":41,"column":4},"end":{"line":41,"column":87}},"28":{"start":{"line":41,"column":34},"end":{"line":41,"column":87}},"29":{"start":{"line":42,"column":4},"end":{"line":42,"column":25}},"30":{"start":{"line":43,"column":4},"end":{"line":43,"column":53}},"31":{"start":{"line":46,"column":19},"end":{"line":46,"column":50}},"32":{"start":{"line":46,"column":25},"end":{"line":46,"column":50}},"33":{"start":{"line":48,"column":2},"end":{"line":109,"column":4}}},"fnMap":{"0":{"name":"(anonymous_0)","decl":{"start":{"line":8,"column":14},"end":{"line":8,"column":17}},"loc":{"start":{"line":8,"column":19},"end":{"line":110,"column":1}}},"1":{"name":"(anonymous_1)","decl":{"start":{"line":11,"column":51},"end":{"line":11,"column":52}},"loc":{"start":{"line":11,"column":62},"end":{"line":11,"column":72}}},"2":{"name":"(anonymous_2)","decl":{"start":{"line":19,"column":23},"end":{"line":19,"column":28}},"loc":{"start":{"line":19,"column":69},"end":{"line":31,"column":3}}},"3":{"name":"(anonymous_3)","decl":{"start":{"line":27,"column":17},"end":{"line":27,"column":20}},"loc":{"start":{"line":27,"column":23},"end":{"line":27,"column":45}}},"4":{"name":"(anonymous_4)","decl":{"start":{"line":33,"column":23},"end":{"line":33,"column":24}},"loc":{"start":{"line":33,"column":66},"end":{"line":36,"column":3}}},"5":{"name":"(anonymous_5)","decl":{"start":{"line":35,"column":12},"end":{"line":35,"column":13}},"loc":{"start":{"line":35,"column":23},"end":{"line":35,"column":49}}},"6":{"name":"(anonymous_6)","decl":{"start":{"line":38,"column":21},"end":{"line":38,"column":24}},"loc":{"start":{"line":38,"column":26},"end":{"line":44,"column":3}}},"7":{"name":"(anonymous_7)","decl":{"start":{"line":46,"column":19},"end":{"line":46,"column":22}},"loc":{"start":{"line":46,"column":25},"end":{"line":46,"column":50}}}},"branchMap":{"0":{"loc":{"start":{"line":21,"column":4},"end":{"line":21,"column":30}},"type":"if","locations":[{"start":{"line":21,"column":4},"end":{"line":21,"column":30}},{"start":{},"end":{}}]},"1":{"loc":{"start":{"line":25,"column":4},"end":{"line":30,"column":5}},"type":"if","locations":[{"start":{"line":25,"column":4},"end":{"line":30,"column":5}},{"start":{"line":28,"column":11},"end":{"line":30,"column":5}}]},"2":{"loc":{"start":{"line":29,"column":18},"end":{"line":29,"column":67}},"type":"binary-expr","locations":[{"start":{"line":29,"column":18},"end":{"line":29,"column":42}},{"start":{"line":29,"column":46},"end":{"line":29,"column":67}}]},"3":{"loc":{"start":{"line":40,"column":4},"end":{"line":40,"column":70}},"type":"if","locations":[{"start":{"line":40,"column":4},"end":{"line":40,"column":70}},{"start":{},"end":{}}]},"4":{"loc":{"start":{"line":41,"column":4},"end":{"line":41,"column":87}},"type":"if","locations":[{"start":{"line":41,"column":4},"end":{"line":41,"column":87}},{"start":{},"end":{}}]},"5":{"loc":{"start":{"line":43,"column":11},"end":{"line":43,"column":52}},"type":"binary-expr","locations":[{"start":{"line":43,"column":11},"end":{"line":43,"column":28}},{"start":{"line":43,"column":32},"end":{"line":43,"column":52}}]},"6":{"loc":{"start":{"line":53,"column":11},"end":{"line":54,"column":null}},"type":"binary-expr","locations":[{"start":{"line":53,"column":11},"end":{"line":53,"column":21}},{"start":{"line":54,"column":12},"end":{"line":54,"column":81}}]},"7":{"loc":{"start":{"line":91,"column":18},"end":{"line":91,"column":null}},"type":"cond-expr","locations":[{"start":{"line":91,"column":30},"end":{"line":91,"column":62}},{"start":{"line":91,"column":65},"end":{"line":91,"column":null}}]},"8":{"loc":{"start":{"line":94,"column":17},"end":{"line":94,"column":55}},"type":"cond-expr","locations":[{"start":{"line":94,"column":29},"end":{"line":94,"column":44}},{"start":{"line":94,"column":47},"end":{"line":94,"column":55}}]}},"s":{"0":1,"1":12,"2":12,"3":12,"4":18,"5":12,"6":12,"7":12,"8":12,"9":2,"10":2,"11":2,"12":0,"13":0,"14":0,"15":0,"16":0,"17":0,"18":0,"19":12,"20":4,"21":4,"22":4,"23":12,"24":2,"25":2,"26":1,"27":2,"28":1,"29":2,"30":2,"31":12,"32":0,"33":12},"f":{"0":12,"1":18,"2":2,"3":0,"4":4,"5":4,"6":2,"7":0},"b":{"0":[2,0],"1":[0,0],"2":[0,0],"3":[1,1],"4":[1,1],"5":[2,1],"6":[12,1],"7":[1,11],"8":[1,11]}}
,"C:\\Users\\273803\\Desktop\\Digital Banking Platform\\digital-app\\src\\features\\notifications\\notification.api.ts": {"path":"C:\\Users\\273803\\Desktop\\Digital Banking Platform\\digital-app\\src\\features\\notifications\\notification.api.ts","statementMap":{"0":{"start":{"line":5,"column":41},"end":{"line":7,"column":1}},"1":{"start":{"line":6,"column":2},"end":{"line":6,"column":52}},"2":{"start":{"line":9,"column":35},"end":{"line":11,"column":1}},"3":{"start":{"line":10,"column":2},"end":{"line":10,"column":45}},"4":{"start":{"line":13,"column":39},"end":{"line":15,"column":1}},"5":{"start":{"line":14,"column":2},"end":{"line":14,"column":58}},"6":{"start":{"line":17,"column":43},"end":{"line":19,"column":1}},"7":{"start":{"line":18,"column":2},"end":{"line":18,"column":56}}},"fnMap":{"0":{"name":"(anonymous_0)","decl":{"start":{"line":5,"column":41},"end":{"line":5,"column":90}},"loc":{"start":{"line":5,"column":92},"end":{"line":7,"column":1}}},"1":{"name":"(anonymous_1)","decl":{"start":{"line":9,"column":35},"end":{"line":9,"column":84}},"loc":{"start":{"line":9,"column":86},"end":{"line":11,"column":1}}},"2":{"name":"(anonymous_2)","decl":{"start":{"line":13,"column":39},"end":{"line":13,"column":40}},"loc":{"start":{"line":13,"column":78},"end":{"line":15,"column":1}}},"3":{"name":"(anonymous_3)","decl":{"start":{"line":17,"column":43},"end":{"line":17,"column":70}},"loc":{"start":{"line":17,"column":72},"end":{"line":19,"column":1}}}},"branchMap":{},"s":{"0":8,"1":9,"2":8,"3":1,"4":8,"5":1,"6":8,"7":1},"f":{"0":9,"1":1,"2":1,"3":1},"b":{}}
,"C:\\Users\\273803\\Desktop\\Digital Banking Platform\\digital-app\\src\\features\\notifications\\components\\NotificationBell.tsx": {"path":"C:\\Users\\273803\\Desktop\\Digital Banking Platform\\digital-app\\src\\features\\notifications\\components\\NotificationBell.tsx","statementMap":{"0":{"start":{"line":11,"column":25},"end":{"line":75,"column":1}},"1":{"start":{"line":12,"column":19},"end":{"line":12,"column":35}},"2":{"start":{"line":13,"column":41},"end":{"line":13,"column":87}},"3":{"start":{"line":13,"column":67},"end":{"line":13,"column":86}},"4":{"start":{"line":14,"column":26},"end":{"line":14,"column":41}},"5":{"start":{"line":15,"column":14},"end":{"line":15,"column":42}},"6":{"start":{"line":17,"column":28},"end":{"line":19,"column":16}},"7":{"start":{"line":18,"column":4},"end":{"line":18,"column":35}},"8":{"start":{"line":21,"column":2},"end":{"line":23,"column":26}},"9":{"start":{"line":22,"column":4},"end":{"line":22,"column":24}},"10":{"start":{"line":26,"column":2},"end":{"line":30,"column":26}},"11":{"start":{"line":27,"column":20},"end":{"line":27,"column":45}},"12":{"start":{"line":27,"column":26},"end":{"line":27,"column":45}},"13":{"start":{"line":28,"column":4},"end":{"line":28,"column":62}},"14":{"start":{"line":29,"column":4},"end":{"line":29,"column":78}},"15":{"start":{"line":29,"column":17},"end":{"line":29,"column":77}},"16":{"start":{"line":33,"column":2},"end":{"line":41,"column":9}},"17":{"start":{"line":34,"column":31},"end":{"line":38,"column":5}},"18":{"start":{"line":35,"column":6},"end":{"line":37,"column":7}},"19":{"start":{"line":36,"column":8},"end":{"line":36,"column":23}},"20":{"start":{"line":39,"column":4},"end":{"line":39,"column":63}},"21":{"start":{"line":40,"column":4},"end":{"line":40,"column":79}},"22":{"start":{"line":40,"column":17},"end":{"line":40,"column":78}},"23":{"start":{"line":43,"column":21},"end":{"line":45,"column":3}},"24":{"start":{"line":44,"column":4},"end":{"line":44,"column":39}},"25":{"start":{"line":47,"column":28},"end":{"line":49,"column":3}},"26":{"start":{"line":48,"column":4},"end":{"line":48,"column":41}},"27":{"start":{"line":51,"column":2},"end":{"line":74,"column":4}},"28":{"start":{"line":54,"column":23},"end":{"line":54,"column":47}},"29":{"start":{"line":54,"column":41},"end":{"line":54,"column":46}}},"fnMap":{"0":{"name":"(anonymous_0)","decl":{"start":{"line":11,"column":25},"end":{"line":11,"column":28}},"loc":{"start":{"line":11,"column":30},"end":{"line":75,"column":1}}},"1":{"name":"(anonymous_1)","decl":{"start":{"line":13,"column":56},"end":{"line":13,"column":57}},"loc":{"start":{"line":13,"column":67},"end":{"line":13,"column":86}}},"2":{"name":"(anonymous_2)","decl":{"start":{"line":17,"column":40},"end":{"line":17,"column":43}},"loc":{"start":{"line":17,"column":45},"end":{"line":19,"column":3}}},"3":{"name":"(anonymous_3)","decl":{"start":{"line":21,"column":12},"end":{"line":21,"column":15}},"loc":{"start":{"line":21,"column":17},"end":{"line":23,"column":3}}},"4":{"name":"(anonymous_4)","decl":{"start":{"line":26,"column":12},"end":{"line":26,"column":15}},"loc":{"start":{"line":26,"column":17},"end":{"line":30,"column":3}}},"5":{"name":"(anonymous_5)","decl":{"start":{"line":27,"column":20},"end":{"line":27,"column":23}},"loc":{"start":{"line":27,"column":26},"end":{"line":27,"column":45}}},"6":{"name":"(anonymous_6)","decl":{"start":{"line":29,"column":11},"end":{"line":29,"column":14}},"loc":{"start":{"line":29,"column":17},"end":{"line":29,"column":77}}},"7":{"name":"(anonymous_7)","decl":{"start":{"line":33,"column":12},"end":{"line":33,"column":15}},"loc":{"start":{"line":33,"column":17},"end":{"line":41,"column":3}}},"8":{"name":"(anonymous_8)","decl":{"start":{"line":34,"column":31},"end":{"line":34,"column":32}},"loc":{"start":{"line":34,"column":49},"end":{"line":38,"column":5}}},"9":{"name":"(anonymous_9)","decl":{"start":{"line":40,"column":11},"end":{"line":40,"column":14}},"loc":{"start":{"line":40,"column":17},"end":{"line":40,"column":78}}},"10":{"name":"(anonymous_10)","decl":{"start":{"line":43,"column":21},"end":{"line":43,"column":22}},"loc":{"start":{"line":43,"column":36},"end":{"line":45,"column":3}}},"11":{"name":"(anonymous_11)","decl":{"start":{"line":47,"column":28},"end":{"line":47,"column":31}},"loc":{"start":{"line":47,"column":33},"end":{"line":49,"column":3}}},"12":{"name":"(anonymous_12)","decl":{"start":{"line":54,"column":17},"end":{"line":54,"column":20}},"loc":{"start":{"line":54,"column":23},"end":{"line":54,"column":47}}},"13":{"name":"(anonymous_13)","decl":{"start":{"line":54,"column":31},"end":{"line":54,"column":32}},"loc":{"start":{"line":54,"column":41},"end":{"line":54,"column":46}}}},"branchMap":{"0":{"loc":{"start":{"line":35,"column":6},"end":{"line":37,"column":7}},"type":"if","locations":[{"start":{"line":35,"column":6},"end":{"line":37,"column":7}},{"start":{},"end":{}}]},"1":{"loc":{"start":{"line":35,"column":10},"end":{"line":35,"column":64}},"type":"binary-expr","locations":[{"start":{"line":35,"column":10},"end":{"line":35,"column":21}},{"start":{"line":35,"column":25},"end":{"line":35,"column":64}}]},"2":{"loc":{"start":{"line":59,"column":9},"end":{"line":62,"column":null}},"type":"binary-expr","locations":[{"start":{"line":59,"column":9},"end":{"line":59,"column":24}},{"start":{"line":60,"column":10},"end":{"line":61,"column":null}}]},"3":{"loc":{"start":{"line":61,"column":13},"end":{"line":61,"column":49}},"type":"cond-expr","locations":[{"start":{"line":61,"column":31},"end":{"line":61,"column":35}},{"start":{"line":61,"column":38},"end":{"line":61,"column":49}}]},"4":{"loc":{"start":{"line":66,"column":7},"end":{"line":71,"column":null}},"type":"binary-expr","locations":[{"start":{"line":66,"column":7},"end":{"line":66,"column":11}},{"start":{"line":67,"column":8},"end":{"line":70,"column":null}}]}},"s":{"0":3,"1":26,"2":26,"3":51,"4":26,"5":26,"6":26,"7":8,"8":26,"9":8,"10":26,"11":8,"12":0,"13":8,"14":8,"15":8,"16":26,"17":8,"18":0,"19":0,"20":8,"21":8,"22":8,"23":26,"24":0,"25":26,"26":0,"27":26,"28":1,"29":1},"f":{"0":26,"1":51,"2":8,"3":8,"4":8,"5":0,"6":8,"7":8,"8":0,"9":8,"10":0,"11":0,"12":1,"13":1},"b":{"0":[0,0],"1":[0,0],"2":[26,7],"3":[2,5],"4":[26,2]}}
,"C:\\Users\\273803\\Desktop\\Digital Banking Platform\\digital-app\\src\\features\\notifications\\components\\NotificationDropdown.tsx": {"path":"C:\\Users\\273803\\Desktop\\Digital Banking Platform\\digital-app\\src\\features\\notifications\\components\\NotificationDropdown.tsx","statementMap":{"0":{"start":{"line":10,"column":29},"end":{"line":43,"column":1}},"1":{"start":{"line":11,"column":15},"end":{"line":11,"column":64}},"2":{"start":{"line":12,"column":20},"end":{"line":12,"column":47}},"3":{"start":{"line":12,"column":37},"end":{"line":12,"column":46}},"4":{"start":{"line":14,"column":2},"end":{"line":42,"column":4}},"5":{"start":{"line":37,"column":12},"end":{"line":37,"column":42}}},"fnMap":{"0":{"name":"(anonymous_0)","decl":{"start":{"line":10,"column":29},"end":{"line":10,"column":30}},"loc":{"start":{"line":10,"column":101},"end":{"line":43,"column":1}}},"1":{"name":"(anonymous_1)","decl":{"start":{"line":12,"column":30},"end":{"line":12,"column":31}},"loc":{"start":{"line":12,"column":37},"end":{"line":12,"column":46}}},"2":{"name":"(anonymous_2)","decl":{"start":{"line":36,"column":19},"end":{"line":36,"column":20}},"loc":{"start":{"line":37,"column":12},"end":{"line":37,"column":42}}}},"branchMap":{"0":{"loc":{"start":{"line":11,"column":15},"end":{"line":11,"column":64}},"type":"cond-expr","locations":[{"start":{"line":11,"column":46},"end":{"line":11,"column":59}},{"start":{"line":11,"column":62},"end":{"line":11,"column":64}}]},"1":{"loc":{"start":{"line":18,"column":9},"end":{"line":24,"column":null}},"type":"binary-expr","locations":[{"start":{"line":18,"column":9},"end":{"line":18,"column":18}},{"start":{"line":19,"column":10},"end":{"line":21,"column":null}}]},"2":{"loc":{"start":{"line":29,"column":9},"end":{"line":38,"column":null}},"type":"cond-expr","locations":[{"start":{"line":30,"column":10},"end":{"line":33,"column":null}},{"start":{"line":36,"column":10},"end":{"line":38,"column":12}}]}},"s":{"0":4,"1":8,"2":8,"3":5,"4":8,"5":6},"f":{"0":8,"1":5,"2":6},"b":{"0":[7,1],"1":[8,4],"2":[3,5]}}
,"C:\\Users\\273803\\Desktop\\Digital Banking Platform\\digital-app\\src\\features\\notifications\\components\\NotificationItem.tsx": {"path":"C:\\Users\\273803\\Desktop\\Digital Banking Platform\\digital-app\\src\\features\\notifications\\components\\NotificationItem.tsx","statementMap":{"0":{"start":{"line":8,"column":47},"end":{"line":16,"column":2}},"1":{"start":{"line":18,"column":47},"end":{"line":22,"column":2}},"2":{"start":{"line":24,"column":19},"end":{"line":38,"column":1}},"3":{"start":{"line":25,"column":2},"end":{"line":25,"column":26}},"4":{"start":{"line":25,"column":16},"end":{"line":25,"column":26}},"5":{"start":{"line":26,"column":14},"end":{"line":26,"column":24}},"6":{"start":{"line":27,"column":15},"end":{"line":27,"column":32}},"7":{"start":{"line":28,"column":17},"end":{"line":28,"column":47}},"8":{"start":{"line":29,"column":19},"end":{"line":29,"column":45}},"9":{"start":{"line":30,"column":20},"end":{"line":30,"column":45}},"10":{"start":{"line":31,"column":19},"end":{"line":31,"column":45}},"11":{"start":{"line":33,"column":2},"end":{"line":33,"column":38}},"12":{"start":{"line":33,"column":20},"end":{"line":33,"column":38}},"13":{"start":{"line":34,"column":2},"end":{"line":34,"column":50}},"14":{"start":{"line":34,"column":21},"end":{"line":34,"column":50}},"15":{"start":{"line":35,"column":2},"end":{"line":35,"column":49}},"16":{"start":{"line":35,"column":22},"end":{"line":35,"column":49}},"17":{"start":{"line":36,"column":2},"end":{"line":36,"column":41}},"18":{"start":{"line":36,"column":22},"end":{"line":36,"column":41}},"19":{"start":{"line":37,"column":2},"end":{"line":37,"column":95}},"20":{"start":{"line":40,"column":25},"end":{"line":63,"column":1}},"21":{"start":{"line":41,"column":15},"end":{"line":41,"column":72}},"22":{"start":{"line":42,"column":25},"end":{"line":42,"column":77}},"23":{"start":{"line":44,"column":2},"end":{"line":62,"column":4}},"24":{"start":{"line":46,"column":21},"end":{"line":46,"column":69}}},"fnMap":{"0":{"name":"(anonymous_0)","decl":{"start":{"line":24,"column":19},"end":{"line":24,"column":20}},"loc":{"start":{"line":24,"column":47},"end":{"line":38,"column":1}}},"1":{"name":"(anonymous_1)","decl":{"start":{"line":40,"column":25},"end":{"line":40,"column":26}},"loc":{"start":{"line":40,"column":77},"end":{"line":63,"column":1}}},"2":{"name":"(anonymous_2)","decl":{"start":{"line":46,"column":15},"end":{"line":46,"column":18}},"loc":{"start":{"line":46,"column":21},"end":{"line":46,"column":69}}}},"branchMap":{"0":{"loc":{"start":{"line":25,"column":2},"end":{"line":25,"column":26}},"type":"if","locations":[{"start":{"line":25,"column":2},"end":{"line":25,"column":26}},{"start":{},"end":{}}]},"1":{"loc":{"start":{"line":33,"column":2},"end":{"line":33,"column":38}},"type":"if","locations":[{"start":{"line":33,"column":2},"end":{"line":33,"column":38}},{"start":{},"end":{}}]},"2":{"loc":{"start":{"line":34,"column":2},"end":{"line":34,"column":50}},"type":"if","locations":[{"start":{"line":34,"column":2},"end":{"line":34,"column":50}},{"start":{},"end":{}}]},"3":{"loc":{"start":{"line":35,"column":2},"end":{"line":35,"column":49}},"type":"if","locations":[{"start":{"line":35,"column":2},"end":{"line":35,"column":49}},{"start":{},"end":{}}]},"4":{"loc":{"start":{"line":36,"column":2},"end":{"line":36,"column":41}},"type":"if","locations":[{"start":{"line":36,"column":2},"end":{"line":36,"column":41}},{"start":{},"end":{}}]},"5":{"loc":{"start":{"line":41,"column":15},"end":{"line":41,"column":72}},"type":"binary-expr","locations":[{"start":{"line":41,"column":15},"end":{"line":41,"column":64}},{"start":{"line":41,"column":68},"end":{"line":41,"column":72}}]},"6":{"loc":{"start":{"line":41,"column":30},"end":{"line":41,"column":63}},"type":"binary-expr","locations":[{"start":{"line":41,"column":30},"end":{"line":41,"column":51}},{"start":{"line":41,"column":55},"end":{"line":41,"column":63}}]},"7":{"loc":{"start":{"line":42,"column":25},"end":{"line":42,"column":77}},"type":"binary-expr","locations":[{"start":{"line":42,"column":25},"end":{"line":42,"column":71}},{"start":{"line":42,"column":75},"end":{"line":42,"column":77}}]},"8":{"loc":{"start":{"line":42,"column":40},"end":{"line":42,"column":70}},"type":"binary-expr","locations":[{"start":{"line":42,"column":40},"end":{"line":42,"column":61}},{"start":{"line":42,"column":65},"end":{"line":42,"column":70}}]},"9":{"loc":{"start":{"line":46,"column":21},"end":{"line":46,"column":69}},"type":"binary-expr","locations":[{"start":{"line":46,"column":21},"end":{"line":46,"column":41}},{"start":{"line":46,"column":45},"end":{"line":46,"column":69}}]},"10":{"loc":{"start":{"line":48,"column":8},"end":{"line":48,"column":null}},"type":"cond-expr","locations":[{"start":{"line":48,"column":30},"end":{"line":48,"column":44}},{"start":{"line":48,"column":47},"end":{"line":48,"column":null}}]},"11":{"loc":{"start":{"line":54,"column":11},"end":{"line":55,"column":null}},"type":"binary-expr","locations":[{"start":{"line":54,"column":11},"end":{"line":54,"column":31}},{"start":{"line":55,"column":12},"end":{"line":55,"column":102}}]}},"s":{"0":5,"1":5,"2":5,"3":11,"4":3,"5":8,"6":8,"7":8,"8":8,"9":8,"10":8,"11":8,"12":4,"13":4,"14":0,"15":4,"16":1,"17":3,"18":0,"19":3,"20":5,"21":11,"22":11,"23":11,"24":2},"f":{"0":11,"1":11,"2":2},"b":{"0":[3,8],"1":[4,4],"2":[0,4],"3":[1,3],"4":[0,3],"5":[11,0],"6":[11,11],"7":[11,0],"8":[11,11],"9":[2,1],"10":[3,8],"11":[11,8]}}
,"C:\\Users\\273803\\Desktop\\Digital Banking Platform\\digital-app\\src\\shared\\components\\modals\\SessionExpiredModal.tsx": {"path":"C:\\Users\\273803\\Desktop\\Digital Banking Platform\\digital-app\\src\\shared\\components\\modals\\SessionExpiredModal.tsx","statementMap":{"0":{"start":{"line":8,"column":28},"end":{"line":49,"column":1}},"1":{"start":{"line":9,"column":19},"end":{"line":9,"column":35}},"2":{"start":{"line":11,"column":32},"end":{"line":28,"column":16}},"3":{"start":{"line":13,"column":4},"end":{"line":13,"column":18}},"4":{"start":{"line":14,"column":4},"end":{"line":14,"column":40}},"5":{"start":{"line":15,"column":4},"end":{"line":15,"column":36}},"6":{"start":{"line":16,"column":4},"end":{"line":16,"column":49}},"7":{"start":{"line":19,"column":4},"end":{"line":19,"column":36}},"8":{"start":{"line":20,"column":4},"end":{"line":20,"column":35}},"9":{"start":{"line":23,"column":4},"end":{"line":23,"column":22}},"10":{"start":{"line":26,"column":23},"end":{"line":26,"column":58}},"11":{"start":{"line":27,"column":4},"end":{"line":27,"column":44}},"12":{"start":{"line":30,"column":2},"end":{"line":48,"column":4}}},"fnMap":{"0":{"name":"(anonymous_0)","decl":{"start":{"line":8,"column":28},"end":{"line":8,"column":31}},"loc":{"start":{"line":8,"column":33},"end":{"line":49,"column":1}}},"1":{"name":"(anonymous_1)","decl":{"start":{"line":11,"column":44},"end":{"line":11,"column":49}},"loc":{"start":{"line":11,"column":55},"end":{"line":28,"column":3}}}},"branchMap":{},"s":{"0":2,"1":2,"2":2,"3":0,"4":0,"5":0,"6":0,"7":0,"8":0,"9":0,"10":0,"11":0,"12":2},"f":{"0":2,"1":0},"b":{}}
,"C:\\Users\\273803\\Desktop\\Digital Banking Platform\\digital-app\\src\\shared\\layout\\AppLayout.tsx": {"path":"C:\\Users\\273803\\Desktop\\Digital Banking Platform\\digital-app\\src\\shared\\layout\\AppLayout.tsx","statementMap":{"0":{"start":{"line":12,"column":18},"end":{"line":24,"column":1}},"1":{"start":{"line":13,"column":30},"end":{"line":13,"column":86}},"2":{"start":{"line":13,"column":56},"end":{"line":13,"column":85}},"3":{"start":{"line":14,"column":25},"end":{"line":14,"column":77}},"4":{"start":{"line":14,"column":51},"end":{"line":14,"column":76}},"5":{"start":{"line":16,"column":2},"end":{"line":23,"column":4}}},"fnMap":{"0":{"name":"(anonymous_0)","decl":{"start":{"line":12,"column":18},"end":{"line":12,"column":19}},"loc":{"start":{"line":12,"column":68},"end":{"line":24,"column":1}}},"1":{"name":"(anonymous_1)","decl":{"start":{"line":13,"column":45},"end":{"line":13,"column":46}},"loc":{"start":{"line":13,"column":56},"end":{"line":13,"column":85}}},"2":{"name":"(anonymous_2)","decl":{"start":{"line":14,"column":40},"end":{"line":14,"column":41}},"loc":{"start":{"line":14,"column":51},"end":{"line":14,"column":76}}}},"branchMap":{"0":{"loc":{"start":{"line":21,"column":7},"end":{"line":21,"column":73}},"type":"binary-expr","locations":[{"start":{"line":21,"column":8},"end":{"line":21,"column":27}},{"start":{"line":21,"column":31},"end":{"line":21,"column":45}},{"start":{"line":21,"column":50},"end":{"line":21,"column":73}}]}},"s":{"0":1,"1":12,"2":18,"3":12,"4":18,"5":12},"f":{"0":12,"1":18,"2":18},"b":{"0":[12,12,0]}}
,"C:\\Users\\273803\\Desktop\\Digital Banking Platform\\digital-app\\src\\shared\\layout\\Footer.tsx": {"path":"C:\\Users\\273803\\Desktop\\Digital Banking Platform\\digital-app\\src\\shared\\layout\\Footer.tsx","statementMap":{"0":{"start":{"line":1,"column":15},"end":{"line":10,"column":1}},"1":{"start":{"line":2,"column":2},"end":{"line":9,"column":4}}},"fnMap":{"0":{"name":"(anonymous_0)","decl":{"start":{"line":1,"column":15},"end":{"line":1,"column":18}},"loc":{"start":{"line":1,"column":20},"end":{"line":10,"column":1}}}},"branchMap":{},"s":{"0":1,"1":12},"f":{"0":12},"b":{}}
,"C:\\Users\\273803\\Desktop\\Digital Banking Platform\\digital-app\\src\\shared\\layout\\Header.tsx": {"path":"C:\\Users\\273803\\Desktop\\Digital Banking Platform\\digital-app\\src\\shared\\layout\\Header.tsx","statementMap":{"0":{"start":{"line":12,"column":15},"end":{"line":64,"column":1}},"1":{"start":{"line":13,"column":19},"end":{"line":13,"column":32}},"2":{"start":{"line":14,"column":19},"end":{"line":14,"column":35}},"3":{"start":{"line":15,"column":19},"end":{"line":15,"column":117}},"4":{"start":{"line":15,"column":45},"end":{"line":15,"column":70}},"5":{"start":{"line":17,"column":23},"end":{"line":21,"column":3}},"6":{"start":{"line":18,"column":4},"end":{"line":18,"column":27}},"7":{"start":{"line":19,"column":4},"end":{"line":19,"column":45}},"8":{"start":{"line":20,"column":4},"end":{"line":20,"column":18}},"9":{"start":{"line":23,"column":2},"end":{"line":63,"column":4}},"10":{"start":{"line":29,"column":25},"end":{"line":29,"column":47}},"11":{"start":{"line":47,"column":29},"end":{"line":47,"column":49}}},"fnMap":{"0":{"name":"(anonymous_0)","decl":{"start":{"line":12,"column":15},"end":{"line":12,"column":16}},"loc":{"start":{"line":12,"column":52},"end":{"line":64,"column":1}}},"1":{"name":"(anonymous_1)","decl":{"start":{"line":15,"column":34},"end":{"line":15,"column":35}},"loc":{"start":{"line":15,"column":45},"end":{"line":15,"column":70}}},"2":{"name":"(anonymous_2)","decl":{"start":{"line":17,"column":23},"end":{"line":17,"column":26}},"loc":{"start":{"line":17,"column":28},"end":{"line":21,"column":3}}},"3":{"name":"(anonymous_3)","decl":{"start":{"line":29,"column":19},"end":{"line":29,"column":22}},"loc":{"start":{"line":29,"column":25},"end":{"line":29,"column":47}}},"4":{"name":"(anonymous_4)","decl":{"start":{"line":47,"column":23},"end":{"line":47,"column":26}},"loc":{"start":{"line":47,"column":29},"end":{"line":47,"column":49}}}},"branchMap":{"0":{"loc":{"start":{"line":15,"column":19},"end":{"line":15,"column":117}},"type":"binary-expr","locations":[{"start":{"line":15,"column":19},"end":{"line":15,"column":71}},{"start":{"line":15,"column":75},"end":{"line":15,"column":107}},{"start":{"line":15,"column":111},"end":{"line":15,"column":117}}]},"1":{"loc":{"start":{"line":38,"column":9},"end":{"line":59,"column":null}},"type":"binary-expr","locations":[{"start":{"line":38,"column":9},"end":{"line":38,"column":24}},{"start":{"line":39,"column":10},"end":{"line":58,"column":null}}]}},"s":{"0":2,"1":19,"2":19,"3":19,"4":37,"5":19,"6":1,"7":1,"8":1,"9":19,"10":0,"11":0},"f":{"0":19,"1":37,"2":1,"3":0,"4":0},"b":{"0":[19,15,15],"1":[19,5]}}
,"C:\\Users\\273803\\Desktop\\Digital Banking Platform\\digital-app\\src\\shared\\routes\\ProtectedRoute.tsx": {"path":"C:\\Users\\273803\\Desktop\\Digital Banking Platform\\digital-app\\src\\shared\\routes\\ProtectedRoute.tsx","statementMap":{"0":{"start":{"line":9,"column":23},"end":{"line":17,"column":1}},"1":{"start":{"line":10,"column":26},"end":{"line":10,"column":79}},"2":{"start":{"line":10,"column":52},"end":{"line":10,"column":78}},"3":{"start":{"line":12,"column":2},"end":{"line":14,"column":3}},"4":{"start":{"line":13,"column":4},"end":{"line":13,"column":39}},"5":{"start":{"line":16,"column":2},"end":{"line":16,"column":49}}},"fnMap":{"0":{"name":"(anonymous_0)","decl":{"start":{"line":9,"column":23},"end":{"line":9,"column":24}},"loc":{"start":{"line":9,"column":61},"end":{"line":17,"column":1}}},"1":{"name":"(anonymous_1)","decl":{"start":{"line":10,"column":41},"end":{"line":10,"column":42}},"loc":{"start":{"line":10,"column":52},"end":{"line":10,"column":78}}}},"branchMap":{"0":{"loc":{"start":{"line":12,"column":2},"end":{"line":14,"column":3}},"type":"if","locations":[{"start":{"line":12,"column":2},"end":{"line":14,"column":3}},{"start":{},"end":{}}]},"1":{"loc":{"start":{"line":16,"column":9},"end":{"line":16,"column":48}},"type":"cond-expr","locations":[{"start":{"line":16,"column":20},"end":{"line":16,"column":35}},{"start":{"line":16,"column":38},"end":{"line":16,"column":48}}]}},"s":{"0":1,"1":2,"2":4,"3":2,"4":1,"5":1},"f":{"0":2,"1":4},"b":{"0":[1,1],"1":[1,0]}}
,"C:\\Users\\273803\\Desktop\\Digital Banking Platform\\digital-app\\src\\store\\hooks.ts": {"path":"C:\\Users\\273803\\Desktop\\Digital Banking Platform\\digital-app\\src\\store\\hooks.ts","statementMap":{"0":{"start":{"line":4,"column":30},"end":{"line":4,"column":66}},"1":{"start":{"line":5,"column":30},"end":{"line":5,"column":64}}},"fnMap":{},"branchMap":{},"s":{"0":5,"1":5},"f":{},"b":{}}
,"C:\\Users\\273803\\Desktop\\Digital Banking Platform\\digital-app\\src\\store\\storage.ts": {"path":"C:\\Users\\273803\\Desktop\\Digital Banking Platform\\digital-app\\src\\store\\storage.ts","statementMap":{"0":{"start":{"line":12,"column":27},"end":{"line":21,"column":1}},"1":{"start":{"line":13,"column":2},"end":{"line":20,"column":3}},"2":{"start":{"line":14,"column":20},"end":{"line":14,"column":38}},"3":{"start":{"line":15,"column":4},"end":{"line":15,"column":39}},"4":{"start":{"line":16,"column":4},"end":{"line":16,"column":37}},"5":{"start":{"line":17,"column":4},"end":{"line":17,"column":16}},"6":{"start":{"line":19,"column":4},"end":{"line":19,"column":17}},"7":{"start":{"line":23,"column":44},"end":{"line":23,"column":46}},"8":{"start":{"line":25,"column":32},"end":{"line":48,"column":6}},"9":{"start":{"line":27,"column":24},"end":{"line":27,"column":66}},"10":{"start":{"line":29,"column":8},"end":{"line":29,"column":41}},"11":{"start":{"line":30,"column":8},"end":{"line":30,"column":33}},"12":{"start":{"line":33,"column":8},"end":{"line":33,"column":37}},"13":{"start":{"line":34,"column":8},"end":{"line":34,"column":33}},"14":{"start":{"line":39,"column":24},"end":{"line":39,"column":65}},"15":{"start":{"line":41,"column":8},"end":{"line":41,"column":33}},"16":{"start":{"line":42,"column":8},"end":{"line":42,"column":33}},"17":{"start":{"line":45,"column":8},"end":{"line":45,"column":32}},"18":{"start":{"line":46,"column":8},"end":{"line":46,"column":33}}},"fnMap":{"0":{"name":"(anonymous_0)","decl":{"start":{"line":12,"column":27},"end":{"line":12,"column":39}},"loc":{"start":{"line":12,"column":41},"end":{"line":21,"column":1}}},"1":{"name":"(anonymous_1)","decl":{"start":{"line":27,"column":15},"end":{"line":27,"column":16}},"loc":{"start":{"line":27,"column":24},"end":{"line":27,"column":66}}},"2":{"name":"(anonymous_2)","decl":{"start":{"line":28,"column":15},"end":{"line":28,"column":16}},"loc":{"start":{"line":28,"column":30},"end":{"line":31,"column":7}}},"3":{"name":"(anonymous_3)","decl":{"start":{"line":32,"column":18},"end":{"line":32,"column":19}},"loc":{"start":{"line":32,"column":26},"end":{"line":35,"column":7}}},"4":{"name":"(anonymous_4)","decl":{"start":{"line":39,"column":15},"end":{"line":39,"column":16}},"loc":{"start":{"line":39,"column":24},"end":{"line":39,"column":65}}},"5":{"name":"(anonymous_5)","decl":{"start":{"line":40,"column":15},"end":{"line":40,"column":16}},"loc":{"start":{"line":40,"column":30},"end":{"line":43,"column":7}}},"6":{"name":"(anonymous_6)","decl":{"start":{"line":44,"column":18},"end":{"line":44,"column":19}},"loc":{"start":{"line":44,"column":26},"end":{"line":47,"column":7}}}},"branchMap":{"0":{"loc":{"start":{"line":25,"column":32},"end":{"line":48,"column":6}},"type":"cond-expr","locations":[{"start":{"line":26,"column":4},"end":{"line":36,"column":null}},{"start":{"line":37,"column":4},"end":{"line":48,"column":6}}]},"1":{"loc":{"start":{"line":39,"column":40},"end":{"line":39,"column":64}},"type":"binary-expr","locations":[{"start":{"line":39,"column":40},"end":{"line":39,"column":56}},{"start":{"line":39,"column":60},"end":{"line":39,"column":64}}]}},"s":{"0":2,"1":2,"2":2,"3":2,"4":2,"5":2,"6":0,"7":2,"8":2,"9":2,"10":0,"11":0,"12":0,"13":0,"14":0,"15":0,"16":0,"17":0,"18":0},"f":{"0":2,"1":2,"2":0,"3":0,"4":0,"5":0,"6":0},"b":{"0":[2,0],"1":[0,0]}}
,"C:\\Users\\273803\\Desktop\\Digital Banking Platform\\digital-app\\src\\store\\store.ts": {"path":"C:\\Users\\273803\\Desktop\\Digital Banking Platform\\digital-app\\src\\store\\store.ts","statementMap":{"0":{"start":{"line":23,"column":22},"end":{"line":27,"column":2}},"1":{"start":{"line":29,"column":20},"end":{"line":37,"column":2}},"2":{"start":{"line":39,"column":25},"end":{"line":39,"column":67}},"3":{"start":{"line":41,"column":21},"end":{"line":50,"column":2}},"4":{"start":{"line":44,"column":4},"end":{"line":48,"column":61}},"5":{"start":{"line":52,"column":25},"end":{"line":52,"column":44}}},"fnMap":{"0":{"name":"(anonymous_0)","decl":{"start":{"line":43,"column":14},"end":{"line":43,"column":15}},"loc":{"start":{"line":44,"column":4},"end":{"line":48,"column":61}}}},"branchMap":{},"s":{"0":2,"1":2,"2":2,"3":2,"4":2,"5":2},"f":{"0":2},"b":{}}
,"C:\\Users\\273803\\Desktop\\Digital Banking Platform\\digital-app\\src\\store\\middleware\\cacheMiddleware.ts": {"path":"C:\\Users\\273803\\Desktop\\Digital Banking Platform\\digital-app\\src\\store\\middleware\\cacheMiddleware.ts","statementMap":{"0":{"start":{"line":19,"column":33},"end":{"line":21,"column":2}},"1":{"start":{"line":23,"column":37},"end":{"line":25,"column":2}},"2":{"start":{"line":27,"column":55},"end":{"line":49,"column":1}},"3":{"start":{"line":27,"column":69},"end":{"line":49,"column":1}},"4":{"start":{"line":27,"column":79},"end":{"line":49,"column":1}},"5":{"start":{"line":28,"column":17},"end":{"line":28,"column":29}},"6":{"start":{"line":29,"column":16},"end":{"line":29,"column":49}},"7":{"start":{"line":30,"column":2},"end":{"line":30,"column":27}},"8":{"start":{"line":30,"column":13},"end":{"line":30,"column":27}},"9":{"start":{"line":33,"column":2},"end":{"line":36,"column":3}},"10":{"start":{"line":34,"column":4},"end":{"line":34,"column":96}},"11":{"start":{"line":35,"column":4},"end":{"line":35,"column":85}},"12":{"start":{"line":39,"column":2},"end":{"line":41,"column":3}},"13":{"start":{"line":40,"column":4},"end":{"line":40,"column":89}},"14":{"start":{"line":44,"column":2},"end":{"line":46,"column":3}},"15":{"start":{"line":48,"column":2},"end":{"line":48,"column":16}},"16":{"start":{"line":55,"column":39},"end":{"line":59,"column":1}},"17":{"start":{"line":55,"column":45},"end":{"line":59,"column":1}},"18":{"start":{"line":56,"column":2},"end":{"line":56,"column":33}},"19":{"start":{"line":57,"column":2},"end":{"line":57,"column":39}},"20":{"start":{"line":58,"column":2},"end":{"line":58,"column":33}}},"fnMap":{"0":{"name":"(anonymous_0)","decl":{"start":{"line":27,"column":55},"end":{"line":27,"column":56}},"loc":{"start":{"line":27,"column":69},"end":{"line":49,"column":1}}},"1":{"name":"(anonymous_1)","decl":{"start":{"line":27,"column":69},"end":{"line":27,"column":70}},"loc":{"start":{"line":27,"column":79},"end":{"line":49,"column":1}}},"2":{"name":"(anonymous_2)","decl":{"start":{"line":27,"column":79},"end":{"line":27,"column":80}},"loc":{"start":{"line":27,"column":90},"end":{"line":49,"column":1}}},"3":{"name":"(anonymous_3)","decl":{"start":{"line":55,"column":39},"end":{"line":55,"column":42}},"loc":{"start":{"line":55,"column":45},"end":{"line":59,"column":1}}},"4":{"name":"(anonymous_4)","decl":{"start":{"line":55,"column":45},"end":{"line":55,"column":46}},"loc":{"start":{"line":55,"column":85},"end":{"line":59,"column":1}}}},"branchMap":{"0":{"loc":{"start":{"line":30,"column":2},"end":{"line":30,"column":27}},"type":"if","locations":[{"start":{"line":30,"column":2},"end":{"line":30,"column":27}},{"start":{},"end":{}}]},"1":{"loc":{"start":{"line":33,"column":2},"end":{"line":36,"column":3}},"type":"if","locations":[{"start":{"line":33,"column":2},"end":{"line":36,"column":3}},{"start":{},"end":{}}]},"2":{"loc":{"start":{"line":39,"column":2},"end":{"line":41,"column":3}},"type":"if","locations":[{"start":{"line":39,"column":2},"end":{"line":41,"column":3}},{"start":{},"end":{}}]},"3":{"loc":{"start":{"line":44,"column":2},"end":{"line":46,"column":3}},"type":"if","locations":[{"start":{"line":44,"column":2},"end":{"line":46,"column":3}},{"start":{},"end":{}}]}},"s":{"0":2,"1":2,"2":2,"3":2,"4":2,"5":4,"6":4,"7":4,"8":0,"9":4,"10":0,"11":0,"12":4,"13":0,"14":4,"15":4,"16":2,"17":0,"18":0,"19":0,"20":0},"f":{"0":2,"1":2,"2":4,"3":0,"4":0},"b":{"0":[0,4],"1":[0,4],"2":[0,4],"3":[0,4]}}
,"C:\\Users\\273803\\Desktop\\Digital Banking Platform\\digital-app\\src\\store\\middleware\\sessionMiddleware.ts": {"path":"C:\\Users\\273803\\Desktop\\Digital Banking Platform\\digital-app\\src\\store\\middleware\\sessionMiddleware.ts","statementMap":{"0":{"start":{"line":12,"column":45},"end":{"line":28,"column":1}},"1":{"start":{"line":12,"column":59},"end":{"line":28,"column":1}},"2":{"start":{"line":12,"column":69},"end":{"line":28,"column":1}},"3":{"start":{"line":13,"column":17},"end":{"line":13,"column":29}},"4":{"start":{"line":15,"column":16},"end":{"line":15,"column":49}},"5":{"start":{"line":16,"column":2},"end":{"line":25,"column":3}},"6":{"start":{"line":17,"column":4},"end":{"line":17,"column":40}},"7":{"start":{"line":18,"column":4},"end":{"line":18,"column":44}},"8":{"start":{"line":19,"column":4},"end":{"line":19,"column":49}},"9":{"start":{"line":20,"column":4},"end":{"line":20,"column":50}},"10":{"start":{"line":21,"column":4},"end":{"line":21,"column":49}},"11":{"start":{"line":22,"column":4},"end":{"line":22,"column":50}},"12":{"start":{"line":23,"column":4},"end":{"line":23,"column":46}},"13":{"start":{"line":24,"column":4},"end":{"line":24,"column":47}},"14":{"start":{"line":27,"column":2},"end":{"line":27,"column":16}}},"fnMap":{"0":{"name":"(anonymous_0)","decl":{"start":{"line":12,"column":45},"end":{"line":12,"column":46}},"loc":{"start":{"line":12,"column":59},"end":{"line":28,"column":1}}},"1":{"name":"(anonymous_1)","decl":{"start":{"line":12,"column":59},"end":{"line":12,"column":60}},"loc":{"start":{"line":12,"column":69},"end":{"line":28,"column":1}}},"2":{"name":"(anonymous_2)","decl":{"start":{"line":12,"column":69},"end":{"line":12,"column":70}},"loc":{"start":{"line":12,"column":80},"end":{"line":28,"column":1}}}},"branchMap":{"0":{"loc":{"start":{"line":16,"column":2},"end":{"line":25,"column":3}},"type":"if","locations":[{"start":{"line":16,"column":2},"end":{"line":25,"column":3}},{"start":{},"end":{}}]},"1":{"loc":{"start":{"line":16,"column":6},"end":{"line":16,"column":79}},"type":"binary-expr","locations":[{"start":{"line":16,"column":6},"end":{"line":16,"column":42}},{"start":{"line":16,"column":46},"end":{"line":16,"column":79}}]}},"s":{"0":2,"1":2,"2":2,"3":4,"4":4,"5":4,"6":0,"7":0,"8":0,"9":0,"10":0,"11":0,"12":0,"13":0,"14":4},"f":{"0":2,"1":2,"2":4},"b":{"0":[0,4],"1":[4,4]}}
,"C:\\Users\\273803\\Desktop\\Digital Banking Platform\\digital-app\\src\\store\\slices\\activitySlice.ts": {"path":"C:\\Users\\273803\\Desktop\\Digital Banking Platform\\digital-app\\src\\store\\slices\\activitySlice.ts","statementMap":{"0":{"start":{"line":32,"column":36},"end":{"line":40,"column":2}},"1":{"start":{"line":47,"column":36},"end":{"line":71,"column":2}},"2":{"start":{"line":52,"column":2},"end":{"line":70,"column":3}},"3":{"start":{"line":53,"column":18},"end":{"line":53,"column":37}},"4":{"start":{"line":54,"column":17},"end":{"line":54,"column":34}},"5":{"start":{"line":55,"column":19},"end":{"line":55,"column":66}},"6":{"start":{"line":57,"column":57},"end":{"line":57,"column":76}},"7":{"start":{"line":58,"column":4},"end":{"line":58,"column":72}},"8":{"start":{"line":58,"column":30},"end":{"line":58,"column":72}},"9":{"start":{"line":59,"column":4},"end":{"line":59,"column":44}},"10":{"start":{"line":59,"column":16},"end":{"line":59,"column":44}},"11":{"start":{"line":60,"column":4},"end":{"line":60,"column":66}},"12":{"start":{"line":60,"column":28},"end":{"line":60,"column":66}},"13":{"start":{"line":62,"column":16},"end":{"line":62,"column":77}},"14":{"start":{"line":63,"column":17},"end":{"line":63,"column":25}},"15":{"start":{"line":64,"column":4},"end":{"line":67,"column":6}},"16":{"start":{"line":69,"column":4},"end":{"line":69,"column":62}},"17":{"start":{"line":73,"column":22},"end":{"line":111,"column":2}},"18":{"start":{"line":78,"column":6},"end":{"line":78,"column":62}},"19":{"start":{"line":81,"column":6},"end":{"line":81,"column":59}},"20":{"start":{"line":84,"column":6},"end":{"line":84,"column":46}},"21":{"start":{"line":87,"column":6},"end":{"line":87,"column":36}},"22":{"start":{"line":90,"column":6},"end":{"line":90,"column":25}},"23":{"start":{"line":94,"column":4},"end":{"line":109,"column":9}},"24":{"start":{"line":96,"column":8},"end":{"line":96,"column":29}},"25":{"start":{"line":97,"column":8},"end":{"line":97,"column":27}},"26":{"start":{"line":100,"column":8},"end":{"line":100,"column":30}},"27":{"start":{"line":101,"column":8},"end":{"line":101,"column":53}},"28":{"start":{"line":102,"column":8},"end":{"line":102,"column":53}},"29":{"start":{"line":103,"column":8},"end":{"line":103,"column":39}},"30":{"start":{"line":106,"column":8},"end":{"line":106,"column":30}},"31":{"start":{"line":107,"column":8},"end":{"line":107,"column":74}},"32":{"start":{"line":108,"column":8},"end":{"line":108,"column":30}},"33":{"start":{"line":119,"column":4},"end":{"line":119,"column":25}}},"fnMap":{"0":{"name":"(anonymous_0)","decl":{"start":{"line":51,"column":20},"end":{"line":51,"column":25}},"loc":{"start":{"line":51,"column":68},"end":{"line":71,"column":1}}},"1":{"name":"(anonymous_1)","decl":{"start":{"line":77,"column":4},"end":{"line":77,"column":22}},"loc":{"start":{"line":77,"column":77},"end":{"line":79,"column":5}}},"2":{"name":"(anonymous_2)","decl":{"start":{"line":80,"column":4},"end":{"line":80,"column":24}},"loc":{"start":{"line":80,"column":30},"end":{"line":82,"column":5}}},"3":{"name":"(anonymous_3)","decl":{"start":{"line":83,"column":4},"end":{"line":83,"column":23}},"loc":{"start":{"line":83,"column":75},"end":{"line":85,"column":5}}},"4":{"name":"(anonymous_4)","decl":{"start":{"line":86,"column":4},"end":{"line":86,"column":25}},"loc":{"start":{"line":86,"column":31},"end":{"line":88,"column":5}}},"5":{"name":"(anonymous_5)","decl":{"start":{"line":89,"column":4},"end":{"line":89,"column":22}},"loc":{"start":{"line":89,"column":28},"end":{"line":91,"column":5}}},"6":{"name":"(anonymous_6)","decl":{"start":{"line":93,"column":17},"end":{"line":93,"column":18}},"loc":{"start":{"line":93,"column":29},"end":{"line":110,"column":3}}},"7":{"name":"(anonymous_7)","decl":{"start":{"line":95,"column":45},"end":{"line":95,"column":46}},"loc":{"start":{"line":95,"column":55},"end":{"line":98,"column":7}}},"8":{"name":"(anonymous_8)","decl":{"start":{"line":99,"column":47},"end":{"line":99,"column":48}},"loc":{"start":{"line":99,"column":65},"end":{"line":104,"column":7}}},"9":{"name":"(anonymous_9)","decl":{"start":{"line":105,"column":46},"end":{"line":105,"column":47}},"loc":{"start":{"line":105,"column":64},"end":{"line":109,"column":7}}}},"branchMap":{"0":{"loc":{"start":{"line":54,"column":17},"end":{"line":54,"column":34}},"type":"binary-expr","locations":[{"start":{"line":54,"column":17},"end":{"line":54,"column":29}},{"start":{"line":54,"column":33},"end":{"line":54,"column":34}}]},"1":{"loc":{"start":{"line":55,"column":19},"end":{"line":55,"column":66}},"type":"binary-expr","locations":[{"start":{"line":55,"column":19},"end":{"line":55,"column":42}},{"start":{"line":55,"column":46},"end":{"line":55,"column":66}}]},"2":{"loc":{"start":{"line":58,"column":4},"end":{"line":58,"column":72}},"type":"if","locations":[{"start":{"line":58,"column":4},"end":{"line":58,"column":72}},{"start":{},"end":{}}]},"3":{"loc":{"start":{"line":59,"column":4},"end":{"line":59,"column":44}},"type":"if","locations":[{"start":{"line":59,"column":4},"end":{"line":59,"column":44}},{"start":{},"end":{}}]},"4":{"loc":{"start":{"line":60,"column":4},"end":{"line":60,"column":66}},"type":"if","locations":[{"start":{"line":60,"column":4},"end":{"line":60,"column":66}},{"start":{},"end":{}}]},"5":{"loc":{"start":{"line":107,"column":22},"end":{"line":107,"column":73}},"type":"binary-expr","locations":[{"start":{"line":107,"column":22},"end":{"line":107,"column":36}},{"start":{"line":107,"column":40},"end":{"line":107,"column":73}}]}},"s":{"0":7,"1":7,"2":1,"3":1,"4":1,"5":1,"6":1,"7":1,"8":1,"9":1,"10":1,"11":1,"12":1,"13":1,"14":1,"15":1,"16":0,"17":7,"18":1,"19":1,"20":1,"21":1,"22":1,"23":7,"24":2,"25":2,"26":2,"27":2,"28":2,"29":2,"30":1,"31":1,"32":1,"33":7},"f":{"0":1,"1":1,"2":1,"3":1,"4":1,"5":1,"6":7,"7":2,"8":2,"9":1},"b":{"0":[1,0],"1":[1,0],"2":[1,0],"3":[1,0],"4":[1,0],"5":[1,0]}}
,"C:\\Users\\273803\\Desktop\\Digital Banking Platform\\digital-app\\src\\store\\slices\\appSlice.ts": {"path":"C:\\Users\\273803\\Desktop\\Digital Banking Platform\\digital-app\\src\\store\\slices\\appSlice.ts","statementMap":{"0":{"start":{"line":9,"column":31},"end":{"line":13,"column":2}},"1":{"start":{"line":15,"column":17},"end":{"line":35,"column":2}},"2":{"start":{"line":20,"column":6},"end":{"line":20,"column":43}},"3":{"start":{"line":23,"column":6},"end":{"line":23,"column":41}},"4":{"start":{"line":26,"column":6},"end":{"line":26,"column":31}},"5":{"start":{"line":29,"column":6},"end":{"line":29,"column":39}},"6":{"start":{"line":32,"column":6},"end":{"line":32,"column":40}},"7":{"start":{"line":43,"column":4},"end":{"line":43,"column":20}}},"fnMap":{"0":{"name":"(anonymous_0)","decl":{"start":{"line":19,"column":4},"end":{"line":19,"column":20}},"loc":{"start":{"line":19,"column":56},"end":{"line":21,"column":5}}},"1":{"name":"(anonymous_1)","decl":{"start":{"line":22,"column":4},"end":{"line":22,"column":18}},"loc":{"start":{"line":22,"column":60},"end":{"line":24,"column":5}}},"2":{"name":"(anonymous_2)","decl":{"start":{"line":25,"column":4},"end":{"line":25,"column":20}},"loc":{"start":{"line":25,"column":26},"end":{"line":27,"column":5}}},"3":{"name":"(anonymous_3)","decl":{"start":{"line":28,"column":4},"end":{"line":28,"column":22}},"loc":{"start":{"line":28,"column":28},"end":{"line":30,"column":5}}},"4":{"name":"(anonymous_4)","decl":{"start":{"line":31,"column":4},"end":{"line":31,"column":22}},"loc":{"start":{"line":31,"column":28},"end":{"line":33,"column":5}}}},"branchMap":{},"s":{"0":7,"1":7,"2":1,"3":1,"4":1,"5":1,"6":1,"7":7},"f":{"0":1,"1":1,"2":1,"3":1,"4":1},"b":{}}
,"C:\\Users\\273803\\Desktop\\Digital Banking Platform\\digital-app\\src\\store\\slices\\authSlice.ts": {"path":"C:\\Users\\273803\\Desktop\\Digital Banking Platform\\digital-app\\src\\store\\slices\\authSlice.ts","statementMap":{"0":{"start":{"line":16,"column":32},"end":{"line":23,"column":2}},"1":{"start":{"line":25,"column":25},"end":{"line":40,"column":2}},"2":{"start":{"line":30,"column":2},"end":{"line":39,"column":3}},"3":{"start":{"line":31,"column":21},"end":{"line":31,"column":44}},"4":{"start":{"line":32,"column":28},"end":{"line":32,"column":41}},"5":{"start":{"line":33,"column":4},"end":{"line":33,"column":20}},"6":{"start":{"line":34,"column":4},"end":{"line":34,"column":52}},"7":{"start":{"line":35,"column":4},"end":{"line":35,"column":27}},"8":{"start":{"line":37,"column":18},"end":{"line":37,"column":71}},"9":{"start":{"line":38,"column":4},"end":{"line":38,"column":83}},"10":{"start":{"line":42,"column":26},"end":{"line":46,"column":2}},"11":{"start":{"line":43,"column":2},"end":{"line":43,"column":16}},"12":{"start":{"line":44,"column":2},"end":{"line":44,"column":38}},"13":{"start":{"line":45,"column":2},"end":{"line":45,"column":34}},"14":{"start":{"line":48,"column":18},"end":{"line":90,"column":2}},"15":{"start":{"line":53,"column":6},"end":{"line":53,"column":34}},"16":{"start":{"line":54,"column":6},"end":{"line":54,"column":36}},"17":{"start":{"line":55,"column":6},"end":{"line":55,"column":25}},"18":{"start":{"line":56,"column":6},"end":{"line":56,"column":24}},"19":{"start":{"line":59,"column":6},"end":{"line":59,"column":30}},"20":{"start":{"line":62,"column":6},"end":{"line":62,"column":35}},"21":{"start":{"line":66,"column":4},"end":{"line":88,"column":9}},"22":{"start":{"line":68,"column":8},"end":{"line":68,"column":31}},"23":{"start":{"line":69,"column":8},"end":{"line":69,"column":32}},"24":{"start":{"line":72,"column":8},"end":{"line":72,"column":32}},"25":{"start":{"line":73,"column":8},"end":{"line":73,"column":43}},"26":{"start":{"line":74,"column":8},"end":{"line":74,"column":41}},"27":{"start":{"line":75,"column":8},"end":{"line":75,"column":37}},"28":{"start":{"line":76,"column":8},"end":{"line":76,"column":32}},"29":{"start":{"line":77,"column":8},"end":{"line":77,"column":37}},"30":{"start":{"line":80,"column":8},"end":{"line":80,"column":32}},"31":{"start":{"line":81,"column":8},"end":{"line":81,"column":60}},"32":{"start":{"line":84,"column":8},"end":{"line":84,"column":27}},"33":{"start":{"line":85,"column":8},"end":{"line":85,"column":26}},"34":{"start":{"line":86,"column":8},"end":{"line":86,"column":38}},"35":{"start":{"line":87,"column":8},"end":{"line":87,"column":37}},"36":{"start":{"line":92,"column":74},"end":{"line":92,"column":91}}},"fnMap":{"0":{"name":"(anonymous_0)","decl":{"start":{"line":29,"column":20},"end":{"line":29,"column":25}},"loc":{"start":{"line":29,"column":59},"end":{"line":40,"column":1}}},"1":{"name":"(anonymous_1)","decl":{"start":{"line":42,"column":62},"end":{"line":42,"column":67}},"loc":{"start":{"line":42,"column":73},"end":{"line":46,"column":1}}},"2":{"name":"(anonymous_2)","decl":{"start":{"line":52,"column":4},"end":{"line":52,"column":21}},"loc":{"start":{"line":52,"column":27},"end":{"line":57,"column":5}}},"3":{"name":"(anonymous_3)","decl":{"start":{"line":58,"column":4},"end":{"line":58,"column":18}},"loc":{"start":{"line":58,"column":24},"end":{"line":60,"column":5}}},"4":{"name":"(anonymous_4)","decl":{"start":{"line":61,"column":4},"end":{"line":61,"column":23}},"loc":{"start":{"line":61,"column":29},"end":{"line":63,"column":5}}},"5":{"name":"(anonymous_5)","decl":{"start":{"line":65,"column":17},"end":{"line":65,"column":18}},"loc":{"start":{"line":65,"column":29},"end":{"line":89,"column":3}}},"6":{"name":"(anonymous_6)","decl":{"start":{"line":67,"column":34},"end":{"line":67,"column":35}},"loc":{"start":{"line":67,"column":44},"end":{"line":70,"column":7}}},"7":{"name":"(anonymous_7)","decl":{"start":{"line":71,"column":36},"end":{"line":71,"column":37}},"loc":{"start":{"line":71,"column":100},"end":{"line":78,"column":7}}},"8":{"name":"(anonymous_8)","decl":{"start":{"line":79,"column":35},"end":{"line":79,"column":36}},"loc":{"start":{"line":79,"column":53},"end":{"line":82,"column":7}}},"9":{"name":"(anonymous_9)","decl":{"start":{"line":83,"column":37},"end":{"line":83,"column":38}},"loc":{"start":{"line":83,"column":47},"end":{"line":88,"column":7}}}},"branchMap":{"0":{"loc":{"start":{"line":38,"column":27},"end":{"line":38,"column":81}},"type":"binary-expr","locations":[{"start":{"line":38,"column":27},"end":{"line":38,"column":56}},{"start":{"line":38,"column":60},"end":{"line":38,"column":81}}]},"1":{"loc":{"start":{"line":81,"column":27},"end":{"line":81,"column":59}},"type":"binary-expr","locations":[{"start":{"line":81,"column":27},"end":{"line":81,"column":41}},{"start":{"line":81,"column":45},"end":{"line":81,"column":59}}]}},"s":{"0":7,"1":7,"2":1,"3":1,"4":0,"5":0,"6":0,"7":0,"8":1,"9":1,"10":7,"11":1,"12":1,"13":1,"14":7,"15":1,"16":1,"17":1,"18":1,"19":1,"20":1,"21":7,"22":2,"23":2,"24":1,"25":1,"26":1,"27":1,"28":1,"29":1,"30":2,"31":2,"32":2,"33":2,"34":2,"35":2,"36":7},"f":{"0":1,"1":1,"2":1,"3":1,"4":1,"5":7,"6":2,"7":1,"8":2,"9":2},"b":{"0":[1,1],"1":[2,0]}}
,"C:\\Users\\273803\\Desktop\\Digital Banking Platform\\digital-app\\src\\store\\slices\\beneficiarySlice.ts": {"path":"C:\\Users\\273803\\Desktop\\Digital Banking Platform\\digital-app\\src\\store\\slices\\beneficiarySlice.ts","statementMap":{"0":{"start":{"line":22,"column":39},"end":{"line":29,"column":2}},"1":{"start":{"line":31,"column":34},"end":{"line":49,"column":2}},"2":{"start":{"line":36,"column":41},"end":{"line":36,"column":65}},"3":{"start":{"line":38,"column":2},"end":{"line":40,"column":3}},"4":{"start":{"line":39,"column":4},"end":{"line":39,"column":25}},"5":{"start":{"line":41,"column":2},"end":{"line":48,"column":3}},"6":{"start":{"line":42,"column":21},"end":{"line":42,"column":48}},"7":{"start":{"line":43,"column":17},"end":{"line":43,"column":30}},"8":{"start":{"line":44,"column":18},"end":{"line":44,"column":86}},"9":{"start":{"line":45,"column":4},"end":{"line":45,"column":45}},"10":{"start":{"line":47,"column":4},"end":{"line":47,"column":59}},"11":{"start":{"line":51,"column":30},"end":{"line":65,"column":2}},"12":{"start":{"line":56,"column":2},"end":{"line":64,"column":3}},"13":{"start":{"line":57,"column":4},"end":{"line":57,"column":37}},"14":{"start":{"line":59,"column":18},"end":{"line":59,"column":88}},"15":{"start":{"line":60,"column":4},"end":{"line":62,"column":5}},"16":{"start":{"line":61,"column":6},"end":{"line":61,"column":59}},"17":{"start":{"line":63,"column":4},"end":{"line":63,"column":89}},"18":{"start":{"line":67,"column":25},"end":{"line":106,"column":2}},"19":{"start":{"line":72,"column":6},"end":{"line":72,"column":49}},"20":{"start":{"line":75,"column":6},"end":{"line":75,"column":39}},"21":{"start":{"line":78,"column":6},"end":{"line":78,"column":62}},"22":{"start":{"line":81,"column":6},"end":{"line":81,"column":59}},"23":{"start":{"line":84,"column":6},"end":{"line":84,"column":25}},"24":{"start":{"line":88,"column":4},"end":{"line":104,"column":9}},"25":{"start":{"line":90,"column":8},"end":{"line":90,"column":29}},"26":{"start":{"line":91,"column":8},"end":{"line":91,"column":27}},"27":{"start":{"line":94,"column":8},"end":{"line":94,"column":30}},"28":{"start":{"line":95,"column":8},"end":{"line":95,"column":45}},"29":{"start":{"line":96,"column":8},"end":{"line":96,"column":39}},"30":{"start":{"line":99,"column":8},"end":{"line":99,"column":30}},"31":{"start":{"line":100,"column":8},"end":{"line":100,"column":71}},"32":{"start":{"line":103,"column":8},"end":{"line":103,"column":68}},"33":{"start":{"line":114,"column":4},"end":{"line":114,"column":28}}},"fnMap":{"0":{"name":"(anonymous_0)","decl":{"start":{"line":35,"column":25},"end":{"line":35,"column":30}},"loc":{"start":{"line":35,"column":79},"end":{"line":49,"column":1}}},"1":{"name":"(anonymous_1)","decl":{"start":{"line":55,"column":23},"end":{"line":55,"column":28}},"loc":{"start":{"line":55,"column":62},"end":{"line":65,"column":1}}},"2":{"name":"(anonymous_2)","decl":{"start":{"line":71,"column":4},"end":{"line":71,"column":26}},"loc":{"start":{"line":71,"column":75},"end":{"line":73,"column":5}}},"3":{"name":"(anonymous_3)","decl":{"start":{"line":74,"column":4},"end":{"line":74,"column":28}},"loc":{"start":{"line":74,"column":34},"end":{"line":76,"column":5}}},"4":{"name":"(anonymous_4)","decl":{"start":{"line":77,"column":4},"end":{"line":77,"column":25}},"loc":{"start":{"line":77,"column":83},"end":{"line":79,"column":5}}},"5":{"name":"(anonymous_5)","decl":{"start":{"line":80,"column":4},"end":{"line":80,"column":27}},"loc":{"start":{"line":80,"column":33},"end":{"line":82,"column":5}}},"6":{"name":"(anonymous_6)","decl":{"start":{"line":83,"column":4},"end":{"line":83,"column":25}},"loc":{"start":{"line":83,"column":31},"end":{"line":85,"column":5}}},"7":{"name":"(anonymous_7)","decl":{"start":{"line":87,"column":17},"end":{"line":87,"column":18}},"loc":{"start":{"line":87,"column":29},"end":{"line":105,"column":3}}},"8":{"name":"(anonymous_8)","decl":{"start":{"line":89,"column":43},"end":{"line":89,"column":44}},"loc":{"start":{"line":89,"column":53},"end":{"line":92,"column":7}}},"9":{"name":"(anonymous_9)","decl":{"start":{"line":93,"column":45},"end":{"line":93,"column":46}},"loc":{"start":{"line":93,"column":63},"end":{"line":97,"column":7}}},"10":{"name":"(anonymous_10)","decl":{"start":{"line":98,"column":44},"end":{"line":98,"column":45}},"loc":{"start":{"line":98,"column":62},"end":{"line":101,"column":7}}},"11":{"name":"(anonymous_11)","decl":{"start":{"line":102,"column":40},"end":{"line":102,"column":41}},"loc":{"start":{"line":102,"column":58},"end":{"line":104,"column":7}}}},"branchMap":{"0":{"loc":{"start":{"line":38,"column":2},"end":{"line":40,"column":3}},"type":"if","locations":[{"start":{"line":38,"column":2},"end":{"line":40,"column":3}},{"start":{},"end":{}}]},"1":{"loc":{"start":{"line":38,"column":6},"end":{"line":38,"column":98}},"type":"binary-expr","locations":[{"start":{"line":38,"column":6},"end":{"line":38,"column":19}},{"start":{"line":38,"column":23},"end":{"line":38,"column":34}},{"start":{"line":38,"column":38},"end":{"line":38,"column":62}},{"start":{"line":38,"column":66},"end":{"line":38,"column":98}}]},"2":{"loc":{"start":{"line":44,"column":18},"end":{"line":44,"column":86}},"type":"binary-expr","locations":[{"start":{"line":44,"column":18},"end":{"line":44,"column":37}},{"start":{"line":44,"column":42},"end":{"line":44,"column":80}},{"start":{"line":44,"column":84},"end":{"line":44,"column":86}}]},"3":{"loc":{"start":{"line":45,"column":11},"end":{"line":45,"column":44}},"type":"cond-expr","locations":[{"start":{"line":45,"column":34},"end":{"line":45,"column":39}},{"start":{"line":45,"column":42},"end":{"line":45,"column":44}}]},"4":{"loc":{"start":{"line":60,"column":4},"end":{"line":62,"column":5}},"type":"if","locations":[{"start":{"line":60,"column":4},"end":{"line":62,"column":5}},{"start":{},"end":{}}]},"5":{"loc":{"start":{"line":63,"column":27},"end":{"line":63,"column":87}},"type":"binary-expr","locations":[{"start":{"line":63,"column":27},"end":{"line":63,"column":56}},{"start":{"line":63,"column":60},"end":{"line":63,"column":87}}]},"6":{"loc":{"start":{"line":100,"column":22},"end":{"line":100,"column":70}},"type":"binary-expr","locations":[{"start":{"line":100,"column":22},"end":{"line":100,"column":36}},{"start":{"line":100,"column":40},"end":{"line":100,"column":70}}]},"7":{"loc":{"start":{"line":103,"column":22},"end":{"line":103,"column":67}},"type":"binary-expr","locations":[{"start":{"line":103,"column":22},"end":{"line":103,"column":36}},{"start":{"line":103,"column":40},"end":{"line":103,"column":67}}]}},"s":{"0":7,"1":7,"2":4,"3":4,"4":1,"5":3,"6":3,"7":0,"8":0,"9":0,"10":3,"11":7,"12":1,"13":1,"14":1,"15":1,"16":0,"17":1,"18":7,"19":0,"20":0,"21":1,"22":1,"23":1,"24":7,"25":5,"26":5,"27":2,"28":2,"29":2,"30":4,"31":4,"32":2,"33":7},"f":{"0":4,"1":1,"2":0,"3":0,"4":1,"5":1,"6":1,"7":7,"8":5,"9":2,"10":4,"11":2},"b":{"0":[1,3],"1":[4,3,2,2],"2":[0,0,0],"3":[0,0],"4":[0,1],"5":[1,1],"6":[4,0],"7":[2,0]}}
,"C:\\Users\\273803\\Desktop\\Digital Banking Platform\\digital-app\\src\\store\\slices\\dashboardSlice.ts": {"path":"C:\\Users\\273803\\Desktop\\Digital Banking Platform\\digital-app\\src\\store\\slices\\dashboardSlice.ts","statementMap":{"0":{"start":{"line":15,"column":37},"end":{"line":23,"column":2}},"1":{"start":{"line":25,"column":34},"end":{"line":43,"column":2}},"2":{"start":{"line":30,"column":2},"end":{"line":42,"column":3}},"3":{"start":{"line":31,"column":21},"end":{"line":31,"column":44}},"4":{"start":{"line":32,"column":16},"end":{"line":32,"column":29}},"5":{"start":{"line":33,"column":21},"end":{"line":33,"column":37}},"6":{"start":{"line":34,"column":4},"end":{"line":39,"column":6}},"7":{"start":{"line":41,"column":4},"end":{"line":41,"column":55}},"8":{"start":{"line":45,"column":23},"end":{"line":81,"column":2}},"9":{"start":{"line":50,"column":6},"end":{"line":52,"column":7}},"10":{"start":{"line":51,"column":8},"end":{"line":51,"column":47}},"11":{"start":{"line":55,"column":6},"end":{"line":55,"column":24}},"12":{"start":{"line":56,"column":6},"end":{"line":56,"column":27}},"13":{"start":{"line":57,"column":6},"end":{"line":57,"column":36}},"14":{"start":{"line":58,"column":6},"end":{"line":58,"column":26}},"15":{"start":{"line":59,"column":6},"end":{"line":59,"column":31}},"16":{"start":{"line":63,"column":4},"end":{"line":79,"column":9}},"17":{"start":{"line":65,"column":8},"end":{"line":65,"column":29}},"18":{"start":{"line":66,"column":8},"end":{"line":66,"column":27}},"19":{"start":{"line":69,"column":8},"end":{"line":69,"column":30}},"20":{"start":{"line":70,"column":8},"end":{"line":70,"column":41}},"21":{"start":{"line":71,"column":8},"end":{"line":71,"column":47}},"22":{"start":{"line":72,"column":8},"end":{"line":72,"column":63}},"23":{"start":{"line":73,"column":8},"end":{"line":73,"column":45}},"24":{"start":{"line":74,"column":8},"end":{"line":74,"column":39}},"25":{"start":{"line":77,"column":8},"end":{"line":77,"column":30}},"26":{"start":{"line":78,"column":8},"end":{"line":78,"column":67}},"27":{"start":{"line":83,"column":49},"end":{"line":83,"column":71}}},"fnMap":{"0":{"name":"(anonymous_0)","decl":{"start":{"line":29,"column":25},"end":{"line":29,"column":30}},"loc":{"start":{"line":29,"column":58},"end":{"line":43,"column":1}}},"1":{"name":"(anonymous_1)","decl":{"start":{"line":49,"column":4},"end":{"line":49,"column":17}},"loc":{"start":{"line":49,"column":52},"end":{"line":53,"column":5}}},"2":{"name":"(anonymous_2)","decl":{"start":{"line":54,"column":4},"end":{"line":54,"column":18}},"loc":{"start":{"line":54,"column":24},"end":{"line":60,"column":5}}},"3":{"name":"(anonymous_3)","decl":{"start":{"line":62,"column":17},"end":{"line":62,"column":18}},"loc":{"start":{"line":62,"column":29},"end":{"line":80,"column":3}}},"4":{"name":"(anonymous_4)","decl":{"start":{"line":64,"column":43},"end":{"line":64,"column":44}},"loc":{"start":{"line":64,"column":53},"end":{"line":67,"column":7}}},"5":{"name":"(anonymous_5)","decl":{"start":{"line":68,"column":45},"end":{"line":68,"column":46}},"loc":{"start":{"line":68,"column":63},"end":{"line":75,"column":7}}},"6":{"name":"(anonymous_6)","decl":{"start":{"line":76,"column":44},"end":{"line":76,"column":45}},"loc":{"start":{"line":76,"column":62},"end":{"line":79,"column":7}}}},"branchMap":{"0":{"loc":{"start":{"line":33,"column":21},"end":{"line":33,"column":37}},"type":"binary-expr","locations":[{"start":{"line":33,"column":21},"end":{"line":33,"column":30}},{"start":{"line":33,"column":34},"end":{"line":33,"column":37}}]},"1":{"loc":{"start":{"line":35,"column":12},"end":{"line":35,"column":46}},"type":"binary-expr","locations":[{"start":{"line":35,"column":12},"end":{"line":35,"column":26}},{"start":{"line":35,"column":30},"end":{"line":35,"column":46}}]},"2":{"loc":{"start":{"line":36,"column":15},"end":{"line":36,"column":102}},"type":"binary-expr","locations":[{"start":{"line":36,"column":15},"end":{"line":36,"column":32}},{"start":{"line":36,"column":36},"end":{"line":36,"column":102}}]},"3":{"loc":{"start":{"line":37,"column":20},"end":{"line":37,"column":86}},"type":"cond-expr","locations":[{"start":{"line":37,"column":60},"end":{"line":37,"column":81}},{"start":{"line":37,"column":84},"end":{"line":37,"column":86}}]},"4":{"loc":{"start":{"line":38,"column":14},"end":{"line":38,"column":38}},"type":"binary-expr","locations":[{"start":{"line":38,"column":14},"end":{"line":38,"column":30}},{"start":{"line":38,"column":34},"end":{"line":38,"column":38}}]},"5":{"loc":{"start":{"line":50,"column":6},"end":{"line":52,"column":7}},"type":"if","locations":[{"start":{"line":50,"column":6},"end":{"line":52,"column":7}},{"start":{},"end":{}}]},"6":{"loc":{"start":{"line":78,"column":22},"end":{"line":78,"column":66}},"type":"binary-expr","locations":[{"start":{"line":78,"column":22},"end":{"line":78,"column":36}},{"start":{"line":78,"column":40},"end":{"line":78,"column":66}}]}},"s":{"0":7,"1":7,"2":1,"3":1,"4":0,"5":0,"6":0,"7":1,"8":7,"9":2,"10":1,"11":1,"12":1,"13":1,"14":1,"15":1,"16":7,"17":2,"18":2,"19":1,"20":1,"21":1,"22":1,"23":1,"24":1,"25":2,"26":2,"27":7},"f":{"0":1,"1":2,"2":1,"3":7,"4":2,"5":1,"6":2},"b":{"0":[0,0],"1":[0,0],"2":[0,0],"3":[0,0],"4":[0,0],"5":[1,1],"6":[2,0]}}
,"C:\\Users\\273803\\Desktop\\Digital Banking Platform\\digital-app\\src\\store\\slices\\notificationSlice.ts": {"path":"C:\\Users\\273803\\Desktop\\Digital Banking Platform\\digital-app\\src\\store\\slices\\notificationSlice.ts","statementMap":{"0":{"start":{"line":16,"column":40},"end":{"line":21,"column":2}},"1":{"start":{"line":23,"column":34},"end":{"line":39,"column":2}},"2":{"start":{"line":28,"column":2},"end":{"line":38,"column":3}},"3":{"start":{"line":29,"column":21},"end":{"line":29,"column":54}},"4":{"start":{"line":30,"column":17},"end":{"line":30,"column":30}},"5":{"start":{"line":31,"column":18},"end":{"line":31,"column":86}},"6":{"start":{"line":32,"column":4},"end":{"line":35,"column":6}},"7":{"start":{"line":37,"column":4},"end":{"line":37,"column":59}},"8":{"start":{"line":41,"column":36},"end":{"line":46,"column":null}},"9":{"start":{"line":44,"column":4},"end":{"line":44,"column":38}},"10":{"start":{"line":45,"column":4},"end":{"line":45,"column":14}},"11":{"start":{"line":49,"column":40},"end":{"line":53,"column":null}},"12":{"start":{"line":52,"column":4},"end":{"line":52,"column":40}},"13":{"start":{"line":56,"column":26},"end":{"line":92,"column":2}},"14":{"start":{"line":61,"column":6},"end":{"line":61,"column":31}},"15":{"start":{"line":62,"column":6},"end":{"line":62,"column":28}},"16":{"start":{"line":66,"column":4},"end":{"line":90,"column":9}},"17":{"start":{"line":68,"column":8},"end":{"line":68,"column":29}},"18":{"start":{"line":71,"column":8},"end":{"line":71,"column":30}},"19":{"start":{"line":72,"column":8},"end":{"line":72,"column":59}},"20":{"start":{"line":73,"column":8},"end":{"line":73,"column":55}},"21":{"start":{"line":74,"column":8},"end":{"line":74,"column":27}},"22":{"start":{"line":77,"column":8},"end":{"line":77,"column":30}},"23":{"start":{"line":78,"column":8},"end":{"line":78,"column":71}},"24":{"start":{"line":81,"column":19},"end":{"line":81,"column":33}},"25":{"start":{"line":82,"column":8},"end":{"line":84,"column":10}},"26":{"start":{"line":83,"column":10},"end":{"line":83,"column":51}},"27":{"start":{"line":85,"column":8},"end":{"line":85,"column":63}},"28":{"start":{"line":88,"column":8},"end":{"line":88,"column":87}},"29":{"start":{"line":88,"column":62},"end":{"line":88,"column":84}},"30":{"start":{"line":89,"column":8},"end":{"line":89,"column":30}},"31":{"start":{"line":94,"column":38},"end":{"line":94,"column":63}}},"fnMap":{"0":{"name":"(anonymous_0)","decl":{"start":{"line":27,"column":25},"end":{"line":27,"column":30}},"loc":{"start":{"line":27,"column":58},"end":{"line":39,"column":1}}},"1":{"name":"(anonymous_1)","decl":{"start":{"line":43,"column":2},"end":{"line":43,"column":7}},"loc":{"start":{"line":43,"column":15},"end":{"line":46,"column":3}}},"2":{"name":"(anonymous_2)","decl":{"start":{"line":51,"column":2},"end":{"line":51,"column":7}},"loc":{"start":{"line":51,"column":13},"end":{"line":53,"column":3}}},"3":{"name":"(anonymous_3)","decl":{"start":{"line":60,"column":4},"end":{"line":60,"column":22}},"loc":{"start":{"line":60,"column":28},"end":{"line":63,"column":5}}},"4":{"name":"(anonymous_4)","decl":{"start":{"line":65,"column":17},"end":{"line":65,"column":18}},"loc":{"start":{"line":65,"column":29},"end":{"line":91,"column":3}}},"5":{"name":"(anonymous_5)","decl":{"start":{"line":67,"column":43},"end":{"line":67,"column":44}},"loc":{"start":{"line":67,"column":53},"end":{"line":69,"column":7}}},"6":{"name":"(anonymous_6)","decl":{"start":{"line":70,"column":45},"end":{"line":70,"column":46}},"loc":{"start":{"line":70,"column":63},"end":{"line":75,"column":7}}},"7":{"name":"(anonymous_7)","decl":{"start":{"line":76,"column":44},"end":{"line":76,"column":45}},"loc":{"start":{"line":76,"column":62},"end":{"line":79,"column":7}}},"8":{"name":"(anonymous_8)","decl":{"start":{"line":80,"column":47},"end":{"line":80,"column":48}},"loc":{"start":{"line":80,"column":65},"end":{"line":86,"column":7}}},"9":{"name":"(anonymous_9)","decl":{"start":{"line":82,"column":54},"end":{"line":82,"column":55}},"loc":{"start":{"line":83,"column":10},"end":{"line":83,"column":51}}},"10":{"name":"(anonymous_10)","decl":{"start":{"line":87,"column":51},"end":{"line":87,"column":52}},"loc":{"start":{"line":87,"column":61},"end":{"line":90,"column":7}}},"11":{"name":"(anonymous_11)","decl":{"start":{"line":88,"column":54},"end":{"line":88,"column":55}},"loc":{"start":{"line":88,"column":62},"end":{"line":88,"column":84}}}},"branchMap":{"0":{"loc":{"start":{"line":31,"column":18},"end":{"line":31,"column":86}},"type":"binary-expr","locations":[{"start":{"line":31,"column":18},"end":{"line":31,"column":37}},{"start":{"line":31,"column":42},"end":{"line":31,"column":80}},{"start":{"line":31,"column":84},"end":{"line":31,"column":86}}]},"1":{"loc":{"start":{"line":33,"column":21},"end":{"line":33,"column":54}},"type":"cond-expr","locations":[{"start":{"line":33,"column":44},"end":{"line":33,"column":49}},{"start":{"line":33,"column":52},"end":{"line":33,"column":54}}]},"2":{"loc":{"start":{"line":34,"column":19},"end":{"line":34,"column":41}},"type":"binary-expr","locations":[{"start":{"line":34,"column":19},"end":{"line":34,"column":36}},{"start":{"line":34,"column":40},"end":{"line":34,"column":41}}]},"3":{"loc":{"start":{"line":78,"column":22},"end":{"line":78,"column":70}},"type":"binary-expr","locations":[{"start":{"line":78,"column":22},"end":{"line":78,"column":36}},{"start":{"line":78,"column":40},"end":{"line":78,"column":70}}]},"4":{"loc":{"start":{"line":83,"column":10},"end":{"line":83,"column":51}},"type":"cond-expr","locations":[{"start":{"line":83,"column":25},"end":{"line":83,"column":47}},{"start":{"line":83,"column":50},"end":{"line":83,"column":51}}]}},"s":{"0":7,"1":7,"2":8,"3":8,"4":8,"5":8,"6":8,"7":0,"8":7,"9":0,"10":0,"11":7,"12":0,"13":7,"14":1,"15":1,"16":7,"17":9,"18":9,"19":9,"20":9,"21":9,"22":1,"23":1,"24":1,"25":1,"26":2,"27":1,"28":1,"29":2,"30":1,"31":7},"f":{"0":8,"1":0,"2":0,"3":1,"4":7,"5":9,"6":9,"7":1,"8":1,"9":2,"10":1,"11":2},"b":{"0":[8,8,8],"1":[8,0],"2":[8,8],"3":[1,0],"4":[1,1]}}
,"C:\\Users\\273803\\Desktop\\Digital Banking Platform\\digital-app\\src\\store\\slices\\transactionSlice.ts": {"path":"C:\\Users\\273803\\Desktop\\Digital Banking Platform\\digital-app\\src\\store\\slices\\transactionSlice.ts","statementMap":{"0":{"start":{"line":8,"column":42},"end":{"line":10,"column":2}},"1":{"start":{"line":23,"column":39},"end":{"line":32,"column":2}},"2":{"start":{"line":40,"column":33},"end":{"line":70,"column":2}},"3":{"start":{"line":45,"column":2},"end":{"line":69,"column":3}},"4":{"start":{"line":46,"column":18},"end":{"line":46,"column":41}},"5":{"start":{"line":47,"column":20},"end":{"line":47,"column":52}},"6":{"start":{"line":48,"column":17},"end":{"line":48,"column":54}},"7":{"start":{"line":49,"column":19},"end":{"line":49,"column":60}},"8":{"start":{"line":51,"column":57},"end":{"line":51,"column":76}},"9":{"start":{"line":52,"column":4},"end":{"line":52,"column":54}},"10":{"start":{"line":52,"column":22},"end":{"line":52,"column":54}},"11":{"start":{"line":53,"column":4},"end":{"line":53,"column":60}},"12":{"start":{"line":53,"column":24},"end":{"line":53,"column":60}},"13":{"start":{"line":54,"column":4},"end":{"line":54,"column":66}},"14":{"start":{"line":54,"column":26},"end":{"line":54,"column":66}},"15":{"start":{"line":55,"column":4},"end":{"line":55,"column":69}},"16":{"start":{"line":55,"column":27},"end":{"line":55,"column":69}},"17":{"start":{"line":56,"column":4},"end":{"line":56,"column":63}},"18":{"start":{"line":56,"column":25},"end":{"line":56,"column":63}},"19":{"start":{"line":57,"column":4},"end":{"line":57,"column":69}},"20":{"start":{"line":57,"column":27},"end":{"line":57,"column":69}},"21":{"start":{"line":58,"column":4},"end":{"line":58,"column":69}},"22":{"start":{"line":58,"column":27},"end":{"line":58,"column":69}},"23":{"start":{"line":59,"column":4},"end":{"line":59,"column":44}},"24":{"start":{"line":59,"column":16},"end":{"line":59,"column":44}},"25":{"start":{"line":61,"column":16},"end":{"line":61,"column":81}},"26":{"start":{"line":62,"column":17},"end":{"line":62,"column":25}},"27":{"start":{"line":63,"column":4},"end":{"line":66,"column":6}},"28":{"start":{"line":68,"column":4},"end":{"line":68,"column":58}},"29":{"start":{"line":72,"column":39},"end":{"line":83,"column":2}},"30":{"start":{"line":77,"column":2},"end":{"line":82,"column":3}},"31":{"start":{"line":78,"column":16},"end":{"line":78,"column":88}},"32":{"start":{"line":79,"column":4},"end":{"line":79,"column":63}},"33":{"start":{"line":81,"column":4},"end":{"line":81,"column":65}},"34":{"start":{"line":85,"column":25},"end":{"line":126,"column":2}},"35":{"start":{"line":90,"column":6},"end":{"line":90,"column":37}},"36":{"start":{"line":93,"column":6},"end":{"line":93,"column":36}},"37":{"start":{"line":96,"column":6},"end":{"line":96,"column":49}},"38":{"start":{"line":99,"column":6},"end":{"line":99,"column":39}},"39":{"start":{"line":102,"column":6},"end":{"line":102,"column":25}},"40":{"start":{"line":106,"column":4},"end":{"line":124,"column":9}},"41":{"start":{"line":108,"column":8},"end":{"line":108,"column":29}},"42":{"start":{"line":109,"column":8},"end":{"line":109,"column":27}},"43":{"start":{"line":112,"column":8},"end":{"line":112,"column":30}},"44":{"start":{"line":113,"column":8},"end":{"line":113,"column":57}},"45":{"start":{"line":114,"column":8},"end":{"line":114,"column":53}},"46":{"start":{"line":115,"column":8},"end":{"line":115,"column":39}},"47":{"start":{"line":118,"column":8},"end":{"line":118,"column":30}},"48":{"start":{"line":119,"column":8},"end":{"line":119,"column":70}},"49":{"start":{"line":120,"column":8},"end":{"line":120,"column":32}},"50":{"start":{"line":123,"column":8},"end":{"line":123,"column":50}},"51":{"start":{"line":134,"column":4},"end":{"line":134,"column":28}}},"fnMap":{"0":{"name":"(anonymous_0)","decl":{"start":{"line":44,"column":24},"end":{"line":44,"column":29}},"loc":{"start":{"line":44,"column":72},"end":{"line":70,"column":1}}},"1":{"name":"(anonymous_1)","decl":{"start":{"line":76,"column":30},"end":{"line":76,"column":35}},"loc":{"start":{"line":76,"column":71},"end":{"line":83,"column":1}}},"2":{"name":"(anonymous_2)","decl":{"start":{"line":89,"column":4},"end":{"line":89,"column":25}},"loc":{"start":{"line":89,"column":74},"end":{"line":91,"column":5}}},"3":{"name":"(anonymous_3)","decl":{"start":{"line":92,"column":4},"end":{"line":92,"column":27}},"loc":{"start":{"line":92,"column":33},"end":{"line":94,"column":5}}},"4":{"name":"(anonymous_4)","decl":{"start":{"line":95,"column":4},"end":{"line":95,"column":26}},"loc":{"start":{"line":95,"column":75},"end":{"line":97,"column":5}}},"5":{"name":"(anonymous_5)","decl":{"start":{"line":98,"column":4},"end":{"line":98,"column":28}},"loc":{"start":{"line":98,"column":34},"end":{"line":100,"column":5}}},"6":{"name":"(anonymous_6)","decl":{"start":{"line":101,"column":4},"end":{"line":101,"column":25}},"loc":{"start":{"line":101,"column":31},"end":{"line":103,"column":5}}},"7":{"name":"(anonymous_7)","decl":{"start":{"line":105,"column":17},"end":{"line":105,"column":18}},"loc":{"start":{"line":105,"column":29},"end":{"line":125,"column":3}}},"8":{"name":"(anonymous_8)","decl":{"start":{"line":107,"column":42},"end":{"line":107,"column":43}},"loc":{"start":{"line":107,"column":52},"end":{"line":110,"column":7}}},"9":{"name":"(anonymous_9)","decl":{"start":{"line":111,"column":44},"end":{"line":111,"column":45}},"loc":{"start":{"line":111,"column":62},"end":{"line":116,"column":7}}},"10":{"name":"(anonymous_10)","decl":{"start":{"line":117,"column":43},"end":{"line":117,"column":44}},"loc":{"start":{"line":117,"column":61},"end":{"line":121,"column":7}}},"11":{"name":"(anonymous_11)","decl":{"start":{"line":122,"column":50},"end":{"line":122,"column":51}},"loc":{"start":{"line":122,"column":68},"end":{"line":124,"column":7}}}},"branchMap":{"0":{"loc":{"start":{"line":47,"column":20},"end":{"line":47,"column":52}},"type":"binary-expr","locations":[{"start":{"line":47,"column":20},"end":{"line":47,"column":35}},{"start":{"line":47,"column":39},"end":{"line":47,"column":52}}]},"1":{"loc":{"start":{"line":48,"column":17},"end":{"line":48,"column":54}},"type":"binary-expr","locations":[{"start":{"line":48,"column":17},"end":{"line":48,"column":29}},{"start":{"line":48,"column":33},"end":{"line":48,"column":54}}]},"2":{"loc":{"start":{"line":49,"column":19},"end":{"line":49,"column":60}},"type":"binary-expr","locations":[{"start":{"line":49,"column":19},"end":{"line":49,"column":42}},{"start":{"line":49,"column":46},"end":{"line":49,"column":60}}]},"3":{"loc":{"start":{"line":52,"column":4},"end":{"line":52,"column":54}},"type":"if","locations":[{"start":{"line":52,"column":4},"end":{"line":52,"column":54}},{"start":{},"end":{}}]},"4":{"loc":{"start":{"line":53,"column":4},"end":{"line":53,"column":60}},"type":"if","locations":[{"start":{"line":53,"column":4},"end":{"line":53,"column":60}},{"start":{},"end":{}}]},"5":{"loc":{"start":{"line":54,"column":4},"end":{"line":54,"column":66}},"type":"if","locations":[{"start":{"line":54,"column":4},"end":{"line":54,"column":66}},{"start":{},"end":{}}]},"6":{"loc":{"start":{"line":55,"column":4},"end":{"line":55,"column":69}},"type":"if","locations":[{"start":{"line":55,"column":4},"end":{"line":55,"column":69}},{"start":{},"end":{}}]},"7":{"loc":{"start":{"line":56,"column":4},"end":{"line":56,"column":63}},"type":"if","locations":[{"start":{"line":56,"column":4},"end":{"line":56,"column":63}},{"start":{},"end":{}}]},"8":{"loc":{"start":{"line":57,"column":4},"end":{"line":57,"column":69}},"type":"if","locations":[{"start":{"line":57,"column":4},"end":{"line":57,"column":69}},{"start":{},"end":{}}]},"9":{"loc":{"start":{"line":58,"column":4},"end":{"line":58,"column":69}},"type":"if","locations":[{"start":{"line":58,"column":4},"end":{"line":58,"column":69}},{"start":{},"end":{}}]},"10":{"loc":{"start":{"line":59,"column":4},"end":{"line":59,"column":44}},"type":"if","locations":[{"start":{"line":59,"column":4},"end":{"line":59,"column":44}},{"start":{},"end":{}}]},"11":{"loc":{"start":{"line":76,"column":37},"end":{"line":76,"column":46}},"type":"default-arg","locations":[{"start":{"line":76,"column":45},"end":{"line":76,"column":46}}]},"12":{"loc":{"start":{"line":119,"column":22},"end":{"line":119,"column":69}},"type":"binary-expr","locations":[{"start":{"line":119,"column":22},"end":{"line":119,"column":36}},{"start":{"line":119,"column":40},"end":{"line":119,"column":69}}]}},"s":{"0":7,"1":7,"2":7,"3":2,"4":2,"5":2,"6":2,"7":2,"8":2,"9":2,"10":1,"11":2,"12":1,"13":2,"14":1,"15":2,"16":1,"17":2,"18":1,"19":2,"20":1,"21":2,"22":1,"23":2,"24":1,"25":2,"26":2,"27":2,"28":0,"29":7,"30":1,"31":1,"32":1,"33":0,"34":7,"35":1,"36":1,"37":1,"38":1,"39":1,"40":7,"41":3,"42":3,"43":3,"44":3,"45":3,"46":3,"47":1,"48":1,"49":1,"50":2,"51":7},"f":{"0":2,"1":1,"2":1,"3":1,"4":1,"5":1,"6":1,"7":7,"8":3,"9":3,"10":1,"11":2},"b":{"0":[2,1],"1":[2,0],"2":[2,2],"3":[1,1],"4":[1,1],"5":[1,1],"6":[1,1],"7":[1,1],"8":[1,1],"9":[1,1],"10":[1,1],"11":[0],"12":[1,0]}}
,"C:\\Users\\273803\\Desktop\\Digital Banking Platform\\digital-app\\src\\tests\\setup\\testUtils.tsx": {"path":"C:\\Users\\273803\\Desktop\\Digital Banking Platform\\digital-app\\src\\tests\\setup\\testUtils.tsx","statementMap":{"0":{"start":{"line":17,"column":20},"end":{"line":25,"column":2}},"1":{"start":{"line":36,"column":16},"end":{"line":39,"column":4}},"2":{"start":{"line":42,"column":4},"end":{"line":48,"column":6}},"3":{"start":{"line":51,"column":2},"end":{"line":51,"column":68}},"4":{"start":{"line":56,"column":2},"end":{"line":59,"column":5}}},"fnMap":{"0":{"name":"renderWithProviders","decl":{"start":{"line":32,"column":16},"end":{"line":32,"column":35}},"loc":{"start":{"line":34,"column":83},"end":{"line":52,"column":1}}},"1":{"name":"Wrapper","decl":{"start":{"line":41,"column":11},"end":{"line":41,"column":18}},"loc":{"start":{"line":41,"column":56},"end":{"line":49,"column":3}}},"2":{"name":"createTestStore","decl":{"start":{"line":55,"column":16},"end":{"line":55,"column":31}},"loc":{"start":{"line":55,"column":67},"end":{"line":60,"column":1}}}},"branchMap":{"0":{"loc":{"start":{"line":34,"column":2},"end":{"line":34,"column":83}},"type":"default-arg","locations":[{"start":{"line":34,"column":81},"end":{"line":34,"column":83}}]},"1":{"loc":{"start":{"line":34,"column":4},"end":{"line":34,"column":23}},"type":"default-arg","locations":[{"start":{"line":34,"column":21},"end":{"line":34,"column":23}}]},"2":{"loc":{"start":{"line":34,"column":25},"end":{"line":34,"column":36}},"type":"default-arg","locations":[{"start":{"line":34,"column":33},"end":{"line":34,"column":36}}]}},"s":{"0":6,"1":18,"2":18,"3":18,"4":13},"f":{"0":18,"1":18,"2":13},"b":{"0":[9],"1":[9],"2":[18]}}
,"C:\\Users\\273803\\Desktop\\Digital Banking Platform\\digital-app\\src\\utils\\apiHelpers.ts": {"path":"C:\\Users\\273803\\Desktop\\Digital Banking Platform\\digital-app\\src\\utils\\apiHelpers.ts","statementMap":{"0":{"start":{"line":5,"column":28},"end":{"line":22,"column":1}},"1":{"start":{"line":6,"column":2},"end":{"line":6,"column":59}},"2":{"start":{"line":6,"column":49},"end":{"line":6,"column":59}},"3":{"start":{"line":7,"column":14},"end":{"line":7,"column":49}},"4":{"start":{"line":10,"column":2},"end":{"line":10,"column":61}},"5":{"start":{"line":10,"column":38},"end":{"line":10,"column":61}},"6":{"start":{"line":13,"column":2},"end":{"line":13,"column":54}},"7":{"start":{"line":13,"column":31},"end":{"line":13,"column":54}},"8":{"start":{"line":16,"column":2},"end":{"line":19,"column":3}},"9":{"start":{"line":17,"column":17},"end":{"line":17,"column":52}},"10":{"start":{"line":18,"column":4},"end":{"line":18,"column":60}},"11":{"start":{"line":18,"column":35},"end":{"line":18,"column":60}},"12":{"start":{"line":21,"column":2},"end":{"line":21,"column":12}},"13":{"start":{"line":36,"column":33},"end":{"line":43,"column":1}},"14":{"start":{"line":37,"column":35},"end":{"line":37,"column":118}},"15":{"start":{"line":38,"column":2},"end":{"line":38,"column":65}},"16":{"start":{"line":38,"column":49},"end":{"line":38,"column":65}},"17":{"start":{"line":39,"column":14},"end":{"line":39,"column":49}},"18":{"start":{"line":40,"column":22},"end":{"line":40,"column":48}},"19":{"start":{"line":41,"column":2},"end":{"line":41,"column":35}},"20":{"start":{"line":41,"column":19},"end":{"line":41,"column":35}},"21":{"start":{"line":42,"column":2},"end":{"line":42,"column":40}}},"fnMap":{"0":{"name":"(anonymous_0)","decl":{"start":{"line":5,"column":28},"end":{"line":5,"column":32}},"loc":{"start":{"line":5,"column":72},"end":{"line":22,"column":1}}},"1":{"name":"(anonymous_1)","decl":{"start":{"line":36,"column":33},"end":{"line":36,"column":34}},"loc":{"start":{"line":36,"column":71},"end":{"line":43,"column":1}}}},"branchMap":{"0":{"loc":{"start":{"line":6,"column":2},"end":{"line":6,"column":59}},"type":"if","locations":[{"start":{"line":6,"column":2},"end":{"line":6,"column":59}},{"start":{},"end":{}}]},"1":{"loc":{"start":{"line":6,"column":6},"end":{"line":6,"column":47}},"type":"binary-expr","locations":[{"start":{"line":6,"column":6},"end":{"line":6,"column":15}},{"start":{"line":6,"column":19},"end":{"line":6,"column":47}}]},"2":{"loc":{"start":{"line":10,"column":2},"end":{"line":10,"column":61}},"type":"if","locations":[{"start":{"line":10,"column":2},"end":{"line":10,"column":61}},{"start":{},"end":{}}]},"3":{"loc":{"start":{"line":10,"column":6},"end":{"line":10,"column":36}},"type":"binary-expr","locations":[{"start":{"line":10,"column":6},"end":{"line":10,"column":9}},{"start":{"line":10,"column":13},"end":{"line":10,"column":36}}]},"4":{"loc":{"start":{"line":13,"column":2},"end":{"line":13,"column":54}},"type":"if","locations":[{"start":{"line":13,"column":2},"end":{"line":13,"column":54}},{"start":{},"end":{}}]},"5":{"loc":{"start":{"line":16,"column":2},"end":{"line":19,"column":3}},"type":"if","locations":[{"start":{"line":16,"column":2},"end":{"line":19,"column":3}},{"start":{},"end":{}}]},"6":{"loc":{"start":{"line":16,"column":6},"end":{"line":16,"column":46}},"type":"binary-expr","locations":[{"start":{"line":16,"column":6},"end":{"line":16,"column":14}},{"start":{"line":16,"column":18},"end":{"line":16,"column":46}}]},"7":{"loc":{"start":{"line":18,"column":4},"end":{"line":18,"column":60}},"type":"if","locations":[{"start":{"line":18,"column":4},"end":{"line":18,"column":60}},{"start":{},"end":{}}]},"8":{"loc":{"start":{"line":38,"column":2},"end":{"line":38,"column":65}},"type":"if","locations":[{"start":{"line":38,"column":2},"end":{"line":38,"column":65}},{"start":{},"end":{}}]},"9":{"loc":{"start":{"line":38,"column":6},"end":{"line":38,"column":47}},"type":"binary-expr","locations":[{"start":{"line":38,"column":6},"end":{"line":38,"column":15}},{"start":{"line":38,"column":19},"end":{"line":38,"column":47}}]},"10":{"loc":{"start":{"line":40,"column":22},"end":{"line":40,"column":48}},"type":"binary-expr","locations":[{"start":{"line":40,"column":22},"end":{"line":40,"column":36}},{"start":{"line":40,"column":40},"end":{"line":40,"column":48}}]},"11":{"loc":{"start":{"line":41,"column":2},"end":{"line":41,"column":35}},"type":"if","locations":[{"start":{"line":41,"column":2},"end":{"line":41,"column":35}},{"start":{},"end":{}}]}},"s":{"0":9,"1":14,"2":4,"3":10,"4":10,"5":1,"6":9,"7":1,"8":8,"9":2,"10":2,"11":1,"12":7,"13":9,"14":9,"15":9,"16":2,"17":7,"18":7,"19":7,"20":4,"21":3},"f":{"0":14,"1":9},"b":{"0":[4,10],"1":[14,12],"2":[1,9],"3":[10,6],"4":[1,8],"5":[2,6],"6":[8,2],"7":[1,1],"8":[2,7],"9":[9,8],"10":[7,5],"11":[4,3]}}
,"C:\\Users\\273803\\Desktop\\Digital Banking Platform\\digital-app\\src\\utils\\token.ts": {"path":"C:\\Users\\273803\\Desktop\\Digital Banking Platform\\digital-app\\src\\utils\\token.ts","statementMap":{"0":{"start":{"line":1,"column":18},"end":{"line":1,"column":25}},"1":{"start":{"line":3,"column":24},"end":{"line":9,"column":1}},"2":{"start":{"line":4,"column":2},"end":{"line":8,"column":3}},"3":{"start":{"line":5,"column":4},"end":{"line":5,"column":43}},"4":{"start":{"line":11,"column":24},"end":{"line":17,"column":1}},"5":{"start":{"line":12,"column":2},"end":{"line":16,"column":3}},"6":{"start":{"line":13,"column":4},"end":{"line":13,"column":43}},"7":{"start":{"line":15,"column":4},"end":{"line":15,"column":16}},"8":{"start":{"line":19,"column":27},"end":{"line":25,"column":1}},"9":{"start":{"line":20,"column":2},"end":{"line":24,"column":3}},"10":{"start":{"line":21,"column":4},"end":{"line":21,"column":39}},"11":{"start":{"line":27,"column":31},"end":{"line":29,"column":1}},"12":{"start":{"line":28,"column":2},"end":{"line":28,"column":22}}},"fnMap":{"0":{"name":"(anonymous_0)","decl":{"start":{"line":3,"column":24},"end":{"line":3,"column":25}},"loc":{"start":{"line":3,"column":48},"end":{"line":9,"column":1}}},"1":{"name":"(anonymous_1)","decl":{"start":{"line":11,"column":24},"end":{"line":11,"column":42}},"loc":{"start":{"line":11,"column":44},"end":{"line":17,"column":1}}},"2":{"name":"(anonymous_2)","decl":{"start":{"line":19,"column":27},"end":{"line":19,"column":36}},"loc":{"start":{"line":19,"column":38},"end":{"line":25,"column":1}}},"3":{"name":"(anonymous_3)","decl":{"start":{"line":27,"column":31},"end":{"line":27,"column":43}},"loc":{"start":{"line":27,"column":45},"end":{"line":29,"column":1}}}},"branchMap":{},"s":{"0":10,"1":10,"2":1,"3":1,"4":10,"5":10,"6":10,"7":0,"8":10,"9":2,"10":2,"11":10,"12":2},"f":{"0":1,"1":10,"2":2,"3":2},"b":{}}
}
