TN:
SF:src\api\auth.api.ts
FN:6,(anonymous_0)
FN:10,(anonymous_1)
FN:14,(anonymous_2)
FN:18,(anonymous_3)
FNF:4
FNH:1
FNDA:1,(anonymous_0)
FNDA:0,(anonymous_1)
FNDA:0,(anonymous_2)
FNDA:0,(anonymous_3)
DA:6,7
DA:7,1
DA:10,7
DA:11,0
DA:14,7
DA:15,0
DA:18,7
DA:19,0
LF:8
LH:5
BRF:0
BRH:0
end_of_record
TN:
SF:src\api\axios.ts
FN:16,(anonymous_0)
FN:23,(anonymous_1)
FN:28,(anonymous_2)
FN:29,(anonymous_3)
FN:77,(anonymous_4)
FNF:5
FNH:2
FNDA:6,(anonymous_0)
FNDA:0,(anonymous_1)
FNDA:0,(anonymous_2)
FNDA:6,(anonymous_3)
FNDA:0,(anonymous_4)
DA:6,9
DA:15,9
DA:17,6
DA:18,6
DA:19,0
DA:21,6
DA:23,0
DA:27,9
DA:28,0
DA:30,6
DA:31,6
DA:33,6
DA:34,0
DA:35,0
DA:36,0
DA:38,0
DA:39,0
DA:40,0
DA:42,0
DA:43,0
DA:44,0
DA:45,0
DA:46,0
DA:48,6
DA:49,0
DA:50,6
DA:51,0
DA:52,6
DA:53,0
DA:54,6
DA:55,0
DA:56,6
DA:57,6
DA:60,6
DA:67,9
DA:77,9
DA:78,0
DA:79,0
DA:80,0
DA:81,0
DA:82,0
DA:83,0
LF:42
LH:18
BRDA:18,0,0,0
BRDA:18,0,1,6
BRDA:31,1,0,6
BRDA:31,1,1,6
BRDA:33,2,0,0
BRDA:33,2,1,6
BRDA:39,3,0,0
BRDA:39,3,1,0
BRDA:48,4,0,0
BRDA:48,4,1,6
BRDA:50,5,0,0
BRDA:50,5,1,6
BRDA:52,6,0,0
BRDA:52,6,1,6
BRDA:52,7,0,6
BRDA:52,7,1,0
BRDA:54,8,0,0
BRDA:54,8,1,6
BRDA:56,9,0,6
BRDA:56,9,1,0
BRDA:78,10,0,0
BRDA:78,10,1,0
BRDA:79,11,0,0
BRDA:79,11,1,0
BRDA:81,12,0,0
BRDA:81,12,1,0
BRDA:81,13,0,0
BRDA:81,13,1,0
BRDA:82,14,0,0
BRDA:82,14,1,0
BRF:30
BRH:10
end_of_record
TN:
SF:src\api\beneficiary.api.ts
FN:5,(anonymous_0)
FN:9,(anonymous_1)
FNF:2
FNH:2
FNDA:3,(anonymous_0)
FNDA:1,(anonymous_1)
DA:5,7
DA:6,3
DA:9,7
DA:10,1
LF:4
LH:4
BRF:0
BRH:0
end_of_record
TN:
SF:src\api\dashboard.api.ts
FN:5,(anonymous_0)
FNF:1
FNH:1
FNDA:1,(anonymous_0)
DA:5,7
DA:6,1
LF:2
LH:2
BRF:0
BRH:0
end_of_record
TN:
SF:src\features\auth\Login.tsx
FN:8,(anonymous_0)
FN:11,(anonymous_1)
FN:19,(anonymous_2)
FN:27,(anonymous_3)
FN:33,(anonymous_4)
FN:35,(anonymous_5)
FN:38,(anonymous_6)
FN:46,(anonymous_7)
FNF:8
FNH:6
FNDA:12,(anonymous_0)
FNDA:18,(anonymous_1)
FNDA:2,(anonymous_2)
FNDA:0,(anonymous_3)
FNDA:4,(anonymous_4)
FNDA:4,(anonymous_5)
FNDA:2,(anonymous_6)
FNDA:0,(anonymous_7)
DA:8,1
DA:9,12
DA:10,12
DA:11,18
DA:14,12
DA:16,12
DA:17,12
DA:19,12
DA:20,2
DA:21,2
DA:23,0
DA:24,0
DA:25,0
DA:26,0
DA:27,0
DA:29,0
DA:33,12
DA:34,4
DA:35,4
DA:38,12
DA:39,2
DA:40,2
DA:41,2
DA:42,2
DA:43,2
DA:46,12
DA:48,12
LF:27
LH:21
BRDA:21,0,0,2
BRDA:21,0,1,0
BRDA:25,1,0,0
BRDA:25,1,1,0
BRDA:29,2,0,0
BRDA:29,2,1,0
BRDA:40,3,0,1
BRDA:40,3,1,1
BRDA:41,4,0,1
BRDA:41,4,1,1
BRDA:43,5,0,2
BRDA:43,5,1,1
BRDA:53,6,0,12
BRDA:53,6,1,1
BRDA:91,7,0,1
BRDA:91,7,1,11
BRDA:94,8,0,1
BRDA:94,8,1,11
BRF:18
BRH:13
end_of_record
TN:
SF:src\features\notifications\notification.api.ts
FN:5,(anonymous_0)
FN:9,(anonymous_1)
FN:13,(anonymous_2)
FN:17,(anonymous_3)
FNF:4
FNH:4
FNDA:9,(anonymous_0)
FNDA:1,(anonymous_1)
FNDA:1,(anonymous_2)
FNDA:1,(anonymous_3)
DA:5,8
DA:6,9
DA:9,8
DA:10,1
DA:13,8
DA:14,1
DA:17,8
DA:18,1
LF:8
LH:8
BRF:0
BRH:0
end_of_record
TN:
SF:src\features\notifications\components\NotificationBell.tsx
FN:11,(anonymous_0)
FN:13,(anonymous_1)
FN:17,(anonymous_2)
FN:21,(anonymous_3)
FN:26,(anonymous_4)
FN:27,(anonymous_5)
FN:29,(anonymous_6)
FN:33,(anonymous_7)
FN:34,(anonymous_8)
FN:40,(anonymous_9)
FN:43,(anonymous_10)
FN:47,(anonymous_11)
FN:54,(anonymous_12)
FN:54,(anonymous_13)
FNF:14
FNH:10
FNDA:26,(anonymous_0)
FNDA:51,(anonymous_1)
FNDA:8,(anonymous_2)
FNDA:8,(anonymous_3)
FNDA:8,(anonymous_4)
FNDA:0,(anonymous_5)
FNDA:8,(anonymous_6)
FNDA:8,(anonymous_7)
FNDA:0,(anonymous_8)
FNDA:8,(anonymous_9)
FNDA:0,(anonymous_10)
FNDA:0,(anonymous_11)
FNDA:1,(anonymous_12)
FNDA:1,(anonymous_13)
DA:11,3
DA:12,26
DA:13,51
DA:14,26
DA:15,26
DA:17,26
DA:18,8
DA:21,26
DA:22,8
DA:26,26
DA:27,8
DA:28,8
DA:29,8
DA:33,26
DA:34,8
DA:35,0
DA:36,0
DA:39,8
DA:40,8
DA:43,26
DA:44,0
DA:47,26
DA:48,0
DA:51,26
DA:54,1
LF:25
LH:21
BRDA:35,0,0,0
BRDA:35,0,1,0
BRDA:35,1,0,0
BRDA:35,1,1,0
BRDA:59,2,0,26
BRDA:59,2,1,7
BRDA:61,3,0,2
BRDA:61,3,1,5
BRDA:66,4,0,26
BRDA:66,4,1,2
BRF:10
BRH:6
end_of_record
TN:
SF:src\features\notifications\components\NotificationDropdown.tsx
FN:10,(anonymous_0)
FN:12,(anonymous_1)
FN:36,(anonymous_2)
FNF:3
FNH:3
FNDA:8,(anonymous_0)
FNDA:5,(anonymous_1)
FNDA:6,(anonymous_2)
DA:10,4
DA:11,8
DA:12,8
DA:14,8
DA:37,6
LF:5
LH:5
BRDA:11,0,0,7
BRDA:11,0,1,1
BRDA:18,1,0,8
BRDA:18,1,1,4
BRDA:29,2,0,3
BRDA:29,2,1,5
BRF:6
BRH:6
end_of_record
TN:
SF:src\features\notifications\components\NotificationItem.tsx
FN:24,(anonymous_0)
FN:40,(anonymous_1)
FN:46,(anonymous_2)
FNF:3
FNH:3
FNDA:11,(anonymous_0)
FNDA:11,(anonymous_1)
FNDA:2,(anonymous_2)
DA:8,5
DA:18,5
DA:24,5
DA:25,11
DA:26,8
DA:27,8
DA:28,8
DA:29,8
DA:30,8
DA:31,8
DA:33,8
DA:34,4
DA:35,4
DA:36,3
DA:37,3
DA:40,5
DA:41,11
DA:42,11
DA:44,11
DA:46,2
LF:20
LH:20
BRDA:25,0,0,3
BRDA:25,0,1,8
BRDA:33,1,0,4
BRDA:33,1,1,4
BRDA:34,2,0,0
BRDA:34,2,1,4
BRDA:35,3,0,1
BRDA:35,3,1,3
BRDA:36,4,0,0
BRDA:36,4,1,3
BRDA:41,5,0,11
BRDA:41,5,1,0
BRDA:41,6,0,11
BRDA:41,6,1,11
BRDA:42,7,0,11
BRDA:42,7,1,0
BRDA:42,8,0,11
BRDA:42,8,1,11
BRDA:46,9,0,2
BRDA:46,9,1,1
BRDA:48,10,0,3
BRDA:48,10,1,8
BRDA:54,11,0,11
BRDA:54,11,1,8
BRF:24
BRH:20
end_of_record
TN:
SF:src\shared\components\modals\SessionExpiredModal.tsx
FN:8,(anonymous_0)
FN:11,(anonymous_1)
FNF:2
FNH:1
FNDA:2,(anonymous_0)
FNDA:0,(anonymous_1)
DA:8,2
DA:9,2
DA:11,2
DA:13,0
DA:14,0
DA:15,0
DA:16,0
DA:19,0
DA:20,0
DA:23,0
DA:26,0
DA:27,0
DA:30,2
LF:13
LH:4
BRF:0
BRH:0
end_of_record
TN:
SF:src\shared\layout\AppLayout.tsx
FN:12,(anonymous_0)
FN:13,(anonymous_1)
FN:14,(anonymous_2)
FNF:3
FNH:3
FNDA:12,(anonymous_0)
FNDA:18,(anonymous_1)
FNDA:18,(anonymous_2)
DA:12,1
DA:13,18
DA:14,18
DA:16,12
LF:4
LH:4
BRDA:21,0,0,12
BRDA:21,0,1,12
BRDA:21,0,2,0
BRF:3
BRH:2
end_of_record
TN:
SF:src\shared\layout\Footer.tsx
FN:1,(anonymous_0)
FNF:1
FNH:1
FNDA:12,(anonymous_0)
DA:1,1
DA:2,12
LF:2
LH:2
BRF:0
BRH:0
end_of_record
TN:
SF:src\shared\layout\Header.tsx
FN:12,(anonymous_0)
FN:15,(anonymous_1)
FN:17,(anonymous_2)
FN:29,(anonymous_3)
FN:47,(anonymous_4)
FNF:5
FNH:3
FNDA:19,(anonymous_0)
FNDA:37,(anonymous_1)
FNDA:1,(anonymous_2)
FNDA:0,(anonymous_3)
FNDA:0,(anonymous_4)
DA:12,2
DA:13,19
DA:14,19
DA:15,37
DA:17,19
DA:18,1
DA:19,1
DA:20,1
DA:23,19
DA:29,0
DA:47,0
LF:11
LH:9
BRDA:15,0,0,19
BRDA:15,0,1,15
BRDA:15,0,2,15
BRDA:38,1,0,19
BRDA:38,1,1,5
BRF:5
BRH:5
end_of_record
TN:
SF:src\shared\routes\ProtectedRoute.tsx
FN:9,(anonymous_0)
FN:10,(anonymous_1)
FNF:2
FNH:2
FNDA:2,(anonymous_0)
FNDA:4,(anonymous_1)
DA:9,1
DA:10,4
DA:12,2
DA:13,1
DA:16,1
LF:5
LH:5
BRDA:12,0,0,1
BRDA:12,0,1,1
BRDA:16,1,0,1
BRDA:16,1,1,0
BRF:4
BRH:3
end_of_record
TN:
SF:src\store\hooks.ts
FNF:0
FNH:0
DA:4,5
DA:5,5
LF:2
LH:2
BRF:0
BRH:0
end_of_record
TN:
SF:src\store\storage.ts
FN:12,(anonymous_0)
FN:27,(anonymous_1)
FN:28,(anonymous_2)
FN:32,(anonymous_3)
FN:39,(anonymous_4)
FN:40,(anonymous_5)
FN:44,(anonymous_6)
FNF:7
FNH:2
FNDA:2,(anonymous_0)
FNDA:2,(anonymous_1)
FNDA:0,(anonymous_2)
FNDA:0,(anonymous_3)
FNDA:0,(anonymous_4)
FNDA:0,(anonymous_5)
FNDA:0,(anonymous_6)
DA:12,2
DA:13,2
DA:14,2
DA:15,2
DA:16,2
DA:17,2
DA:19,0
DA:23,2
DA:25,2
DA:27,2
DA:29,0
DA:30,0
DA:33,0
DA:34,0
DA:39,0
DA:41,0
DA:42,0
DA:45,0
DA:46,0
LF:19
LH:9
BRDA:25,0,0,2
BRDA:25,0,1,0
BRDA:39,1,0,0
BRDA:39,1,1,0
BRF:4
BRH:1
end_of_record
TN:
SF:src\store\store.ts
FN:43,(anonymous_0)
FNF:1
FNH:1
FNDA:2,(anonymous_0)
DA:23,2
DA:29,2
DA:39,2
DA:41,2
DA:44,2
DA:52,2
LF:6
LH:6
BRF:0
BRH:0
end_of_record
TN:
SF:src\store\middleware\cacheMiddleware.ts
FN:27,(anonymous_0)
FN:27,(anonymous_1)
FN:27,(anonymous_2)
FN:55,(anonymous_3)
FN:55,(anonymous_4)
FNF:5
FNH:3
FNDA:2,(anonymous_0)
FNDA:2,(anonymous_1)
FNDA:4,(anonymous_2)
FNDA:0,(anonymous_3)
FNDA:0,(anonymous_4)
DA:19,2
DA:23,2
DA:27,2
DA:28,4
DA:29,4
DA:30,4
DA:33,4
DA:34,0
DA:35,0
DA:39,4
DA:40,0
DA:44,4
DA:48,4
DA:55,2
DA:56,0
DA:57,0
DA:58,0
LF:17
LH:11
BRDA:30,0,0,0
BRDA:30,0,1,4
BRDA:33,1,0,0
BRDA:33,1,1,4
BRDA:39,2,0,0
BRDA:39,2,1,4
BRDA:44,3,0,0
BRDA:44,3,1,4
BRF:8
BRH:4
end_of_record
TN:
SF:src\store\middleware\sessionMiddleware.ts
FN:12,(anonymous_0)
FN:12,(anonymous_1)
FN:12,(anonymous_2)
FNF:3
FNH:3
FNDA:2,(anonymous_0)
FNDA:2,(anonymous_1)
FNDA:4,(anonymous_2)
DA:12,2
DA:13,4
DA:15,4
DA:16,4
DA:17,0
DA:18,0
DA:19,0
DA:20,0
DA:21,0
DA:22,0
DA:23,0
DA:24,0
DA:27,4
LF:13
LH:5
BRDA:16,0,0,0
BRDA:16,0,1,4
BRDA:16,1,0,4
BRDA:16,1,1,4
BRF:4
BRH:3
end_of_record
TN:
SF:src\store\slices\activitySlice.ts
FN:51,(anonymous_0)
FN:77,(anonymous_1)
FN:80,(anonymous_2)
FN:83,(anonymous_3)
FN:86,(anonymous_4)
FN:89,(anonymous_5)
FN:93,(anonymous_6)
FN:95,(anonymous_7)
FN:99,(anonymous_8)
FN:105,(anonymous_9)
FNF:10
FNH:10
FNDA:1,(anonymous_0)
FNDA:1,(anonymous_1)
FNDA:1,(anonymous_2)
FNDA:1,(anonymous_3)
FNDA:1,(anonymous_4)
FNDA:1,(anonymous_5)
FNDA:7,(anonymous_6)
FNDA:2,(anonymous_7)
FNDA:2,(anonymous_8)
FNDA:1,(anonymous_9)
DA:32,7
DA:47,7
DA:52,1
DA:53,1
DA:54,1
DA:55,1
DA:57,1
DA:58,1
DA:59,1
DA:60,1
DA:62,1
DA:63,1
DA:64,1
DA:69,0
DA:73,7
DA:78,1
DA:81,1
DA:84,1
DA:87,1
DA:90,1
DA:94,7
DA:96,2
DA:97,2
DA:100,2
DA:101,2
DA:102,2
DA:103,2
DA:106,1
DA:107,1
DA:108,1
DA:119,7
LF:31
LH:30
BRDA:54,0,0,1
BRDA:54,0,1,0
BRDA:55,1,0,1
BRDA:55,1,1,0
BRDA:58,2,0,1
BRDA:58,2,1,0
BRDA:59,3,0,1
BRDA:59,3,1,0
BRDA:60,4,0,1
BRDA:60,4,1,0
BRDA:107,5,0,1
BRDA:107,5,1,0
BRF:12
BRH:6
end_of_record
TN:
SF:src\store\slices\appSlice.ts
FN:19,(anonymous_0)
FN:22,(anonymous_1)
FN:25,(anonymous_2)
FN:28,(anonymous_3)
FN:31,(anonymous_4)
FNF:5
FNH:5
FNDA:1,(anonymous_0)
FNDA:1,(anonymous_1)
FNDA:1,(anonymous_2)
FNDA:1,(anonymous_3)
FNDA:1,(anonymous_4)
DA:9,7
DA:15,7
DA:20,1
DA:23,1
DA:26,1
DA:29,1
DA:32,1
DA:43,7
LF:8
LH:8
BRF:0
BRH:0
end_of_record
TN:
SF:src\store\slices\authSlice.ts
FN:29,(anonymous_0)
FN:42,(anonymous_1)
FN:52,(anonymous_2)
FN:58,(anonymous_3)
FN:61,(anonymous_4)
FN:65,(anonymous_5)
FN:67,(anonymous_6)
FN:71,(anonymous_7)
FN:79,(anonymous_8)
FN:83,(anonymous_9)
FNF:10
FNH:10
FNDA:1,(anonymous_0)
FNDA:1,(anonymous_1)
FNDA:1,(anonymous_2)
FNDA:1,(anonymous_3)
FNDA:1,(anonymous_4)
FNDA:7,(anonymous_5)
FNDA:2,(anonymous_6)
FNDA:1,(anonymous_7)
FNDA:2,(anonymous_8)
FNDA:2,(anonymous_9)
DA:16,7
DA:25,7
DA:30,1
DA:31,1
DA:32,0
DA:33,0
DA:34,0
DA:35,0
DA:37,1
DA:38,1
DA:42,7
DA:43,1
DA:44,1
DA:45,1
DA:48,7
DA:53,1
DA:54,1
DA:55,1
DA:56,1
DA:59,1
DA:62,1
DA:66,7
DA:68,2
DA:69,2
DA:72,1
DA:73,1
DA:74,1
DA:75,1
DA:76,1
DA:77,1
DA:80,2
DA:81,2
DA:84,2
DA:85,2
DA:86,2
DA:87,2
DA:92,7
LF:37
LH:33
BRDA:38,0,0,1
BRDA:38,0,1,1
BRDA:81,1,0,2
BRDA:81,1,1,0
BRF:4
BRH:3
end_of_record
TN:
SF:src\store\slices\beneficiarySlice.ts
FN:35,(anonymous_0)
FN:55,(anonymous_1)
FN:71,(anonymous_2)
FN:74,(anonymous_3)
FN:77,(anonymous_4)
FN:80,(anonymous_5)
FN:83,(anonymous_6)
FN:87,(anonymous_7)
FN:89,(anonymous_8)
FN:93,(anonymous_9)
FN:98,(anonymous_10)
FN:102,(anonymous_11)
FNF:12
FNH:10
FNDA:4,(anonymous_0)
FNDA:1,(anonymous_1)
FNDA:0,(anonymous_2)
FNDA:0,(anonymous_3)
FNDA:1,(anonymous_4)
FNDA:1,(anonymous_5)
FNDA:1,(anonymous_6)
FNDA:7,(anonymous_7)
FNDA:5,(anonymous_8)
FNDA:2,(anonymous_9)
FNDA:4,(anonymous_10)
FNDA:2,(anonymous_11)
DA:22,7
DA:31,7
DA:36,4
DA:38,4
DA:39,1
DA:41,3
DA:42,3
DA:43,0
DA:44,0
DA:45,0
DA:47,3
DA:51,7
DA:56,1
DA:57,1
DA:59,1
DA:60,1
DA:61,0
DA:63,1
DA:67,7
DA:72,0
DA:75,0
DA:78,1
DA:81,1
DA:84,1
DA:88,7
DA:90,5
DA:91,5
DA:94,2
DA:95,2
DA:96,2
DA:99,4
DA:100,4
DA:103,2
DA:114,7
LF:34
LH:28
BRDA:38,0,0,1
BRDA:38,0,1,3
BRDA:38,1,0,4
BRDA:38,1,1,3
BRDA:38,1,2,2
BRDA:38,1,3,2
BRDA:44,2,0,0
BRDA:44,2,1,0
BRDA:44,2,2,0
BRDA:45,3,0,0
BRDA:45,3,1,0
BRDA:60,4,0,0
BRDA:60,4,1,1
BRDA:63,5,0,1
BRDA:63,5,1,1
BRDA:100,6,0,4
BRDA:100,6,1,0
BRDA:103,7,0,2
BRDA:103,7,1,0
BRF:19
BRH:11
end_of_record
TN:
SF:src\store\slices\dashboardSlice.ts
FN:29,(anonymous_0)
FN:49,(anonymous_1)
FN:54,(anonymous_2)
FN:62,(anonymous_3)
FN:64,(anonymous_4)
FN:68,(anonymous_5)
FN:76,(anonymous_6)
FNF:7
FNH:7
FNDA:1,(anonymous_0)
FNDA:2,(anonymous_1)
FNDA:1,(anonymous_2)
FNDA:7,(anonymous_3)
FNDA:2,(anonymous_4)
FNDA:1,(anonymous_5)
FNDA:2,(anonymous_6)
DA:15,7
DA:25,7
DA:30,1
DA:31,1
DA:32,0
DA:33,0
DA:34,0
DA:41,1
DA:45,7
DA:50,2
DA:51,1
DA:55,1
DA:56,1
DA:57,1
DA:58,1
DA:59,1
DA:63,7
DA:65,2
DA:66,2
DA:69,1
DA:70,1
DA:71,1
DA:72,1
DA:73,1
DA:74,1
DA:77,2
DA:78,2
DA:83,7
LF:28
LH:25
BRDA:33,0,0,0
BRDA:33,0,1,0
BRDA:35,1,0,0
BRDA:35,1,1,0
BRDA:36,2,0,0
BRDA:36,2,1,0
BRDA:37,3,0,0
BRDA:37,3,1,0
BRDA:38,4,0,0
BRDA:38,4,1,0
BRDA:50,5,0,1
BRDA:50,5,1,1
BRDA:78,6,0,2
BRDA:78,6,1,0
BRF:14
BRH:3
end_of_record
TN:
SF:src\store\slices\notificationSlice.ts
FN:27,(anonymous_0)
FN:43,(anonymous_1)
FN:51,(anonymous_2)
FN:60,(anonymous_3)
FN:65,(anonymous_4)
FN:67,(anonymous_5)
FN:70,(anonymous_6)
FN:76,(anonymous_7)
FN:80,(anonymous_8)
FN:82,(anonymous_9)
FN:87,(anonymous_10)
FN:88,(anonymous_11)
FNF:12
FNH:10
FNDA:8,(anonymous_0)
FNDA:0,(anonymous_1)
FNDA:0,(anonymous_2)
FNDA:1,(anonymous_3)
FNDA:7,(anonymous_4)
FNDA:9,(anonymous_5)
FNDA:9,(anonymous_6)
FNDA:1,(anonymous_7)
FNDA:1,(anonymous_8)
FNDA:2,(anonymous_9)
FNDA:1,(anonymous_10)
FNDA:2,(anonymous_11)
DA:16,7
DA:23,7
DA:28,8
DA:29,8
DA:30,8
DA:31,8
DA:32,8
DA:37,0
DA:41,7
DA:44,0
DA:45,0
DA:49,7
DA:52,0
DA:56,7
DA:61,1
DA:62,1
DA:66,7
DA:68,9
DA:71,9
DA:72,9
DA:73,9
DA:74,9
DA:77,1
DA:78,1
DA:81,1
DA:82,1
DA:83,2
DA:85,1
DA:88,2
DA:89,1
DA:94,7
LF:31
LH:27
BRDA:31,0,0,8
BRDA:31,0,1,8
BRDA:31,0,2,8
BRDA:33,1,0,8
BRDA:33,1,1,0
BRDA:34,2,0,8
BRDA:34,2,1,8
BRDA:78,3,0,1
BRDA:78,3,1,0
BRDA:83,4,0,1
BRDA:83,4,1,1
BRF:11
BRH:9
end_of_record
TN:
SF:src\store\slices\transactionSlice.ts
FN:44,(anonymous_0)
FN:76,(anonymous_1)
FN:89,(anonymous_2)
FN:92,(anonymous_3)
FN:95,(anonymous_4)
FN:98,(anonymous_5)
FN:101,(anonymous_6)
FN:105,(anonymous_7)
FN:107,(anonymous_8)
FN:111,(anonymous_9)
FN:117,(anonymous_10)
FN:122,(anonymous_11)
FNF:12
FNH:12
FNDA:2,(anonymous_0)
FNDA:1,(anonymous_1)
FNDA:1,(anonymous_2)
FNDA:1,(anonymous_3)
FNDA:1,(anonymous_4)
FNDA:1,(anonymous_5)
FNDA:1,(anonymous_6)
FNDA:7,(anonymous_7)
FNDA:3,(anonymous_8)
FNDA:3,(anonymous_9)
FNDA:1,(anonymous_10)
FNDA:2,(anonymous_11)
DA:8,7
DA:23,7
DA:40,7
DA:45,2
DA:46,2
DA:47,2
DA:48,2
DA:49,2
DA:51,2
DA:52,2
DA:53,2
DA:54,2
DA:55,2
DA:56,2
DA:57,2
DA:58,2
DA:59,2
DA:61,2
DA:62,2
DA:63,2
DA:68,0
DA:72,7
DA:77,1
DA:78,1
DA:79,1
DA:81,0
DA:85,7
DA:90,1
DA:93,1
DA:96,1
DA:99,1
DA:102,1
DA:106,7
DA:108,3
DA:109,3
DA:112,3
DA:113,3
DA:114,3
DA:115,3
DA:118,1
DA:119,1
DA:120,1
DA:123,2
DA:134,7
LF:44
LH:42
BRDA:47,0,0,2
BRDA:47,0,1,1
BRDA:48,1,0,2
BRDA:48,1,1,0
BRDA:49,2,0,2
BRDA:49,2,1,2
BRDA:52,3,0,1
BRDA:52,3,1,1
BRDA:53,4,0,1
BRDA:53,4,1,1
BRDA:54,5,0,1
BRDA:54,5,1,1
BRDA:55,6,0,1
BRDA:55,6,1,1
BRDA:56,7,0,1
BRDA:56,7,1,1
BRDA:57,8,0,1
BRDA:57,8,1,1
BRDA:58,9,0,1
BRDA:58,9,1,1
BRDA:59,10,0,1
BRDA:59,10,1,1
BRDA:76,11,0,0
BRDA:119,12,0,1
BRDA:119,12,1,0
BRF:25
BRH:22
end_of_record
TN:
SF:src\tests\setup\testUtils.tsx
FN:32,renderWithProviders
FN:41,Wrapper
FN:55,createTestStore
FNF:3
FNH:3
FNDA:18,renderWithProviders
FNDA:18,Wrapper
FNDA:13,createTestStore
DA:17,6
DA:36,18
DA:42,18
DA:51,18
DA:56,13
LF:5
LH:5
BRDA:34,0,0,9
BRDA:34,1,0,9
BRDA:34,2,0,18
BRF:3
BRH:3
end_of_record
TN:
SF:src\utils\apiHelpers.ts
FN:5,(anonymous_0)
FN:36,(anonymous_1)
FNF:2
FNH:2
FNDA:14,(anonymous_0)
FNDA:9,(anonymous_1)
DA:5,9
DA:6,14
DA:7,10
DA:10,10
DA:13,9
DA:16,8
DA:17,2
DA:18,2
DA:21,7
DA:36,9
DA:37,9
DA:38,9
DA:39,7
DA:40,7
DA:41,7
DA:42,3
LF:16
LH:16
BRDA:6,0,0,4
BRDA:6,0,1,10
BRDA:6,1,0,14
BRDA:6,1,1,12
BRDA:10,2,0,1
BRDA:10,2,1,9
BRDA:10,3,0,10
BRDA:10,3,1,6
BRDA:13,4,0,1
BRDA:13,4,1,8
BRDA:16,5,0,2
BRDA:16,5,1,6
BRDA:16,6,0,8
BRDA:16,6,1,2
BRDA:18,7,0,1
BRDA:18,7,1,1
BRDA:38,8,0,2
BRDA:38,8,1,7
BRDA:38,9,0,9
BRDA:38,9,1,8
BRDA:40,10,0,7
BRDA:40,10,1,5
BRDA:41,11,0,4
BRDA:41,11,1,3
BRF:24
BRH:24
end_of_record
TN:
SF:src\utils\token.ts
FN:3,(anonymous_0)
FN:11,(anonymous_1)
FN:19,(anonymous_2)
FN:27,(anonymous_3)
FNF:4
FNH:4
FNDA:1,(anonymous_0)
FNDA:10,(anonymous_1)
FNDA:2,(anonymous_2)
FNDA:2,(anonymous_3)
DA:1,10
DA:3,10
DA:4,1
DA:5,1
DA:11,10
DA:12,10
DA:13,10
DA:15,0
DA:19,10
DA:20,2
DA:21,2
DA:27,10
DA:28,2
LF:13
LH:12
BRF:0
BRH:0
end_of_record
